#
# There is insufficient memory for the Java Runtime Environment to continue.
# Native memory allocation (malloc) failed to allocate 348176 bytes for Chunk::new
# Possible reasons:
#   The system is out of physical RAM or swap space
#   The process is running with CompressedOops enabled, and the Java Heap may be blocking the growth of the native heap
# Possible solutions:
#   Reduce memory load on the system
#   Increase physical memory or swap space
#   Check if swap backing store is full
#   Decrease Java heap size (-Xmx/-Xms)
#   Decrease number of Java threads
#   Decrease Java thread stack sizes (-Xss)
#   Set larger code cache with -XX:ReservedCodeCacheSize=
#   JVM is running with Zero Based Compressed Oops mode in which the Java heap is
#     placed in the first 32GB address space. The Java Heap base address is the
#     maximum limit for the native heap growth. Please use -XX:HeapBaseMinAddress
#     to set the Java Heap base and to place the Java Heap above 32GB virtual address.
# This output file may be truncated or incomplete.
#
#  Out of Memory Error (arena.cpp:184), pid=25200, tid=24028
#
# JRE version: Java(TM) SE Runtime Environment (20.0.1+9) (build 20.0.1+9-29)
# Java VM: Java HotSpot(TM) 64-Bit Server VM (20.0.1+9-29, mixed mode, sharing, tiered, compressed oops, compressed class ptrs, g1 gc, windows-amd64)
# No core dump will be written. Minidumps are not enabled by default on client versions of Windows
#

---------------  S U M M A R Y ------------

Command Line: com.ramazanakdag.hazelcast2.HazelCast2

Host: 11th Gen Intel(R) Core(TM) i7-11800H @ 2.30GHz, 16 cores, 15G,  Windows 10 , 64 bit Build 19041 (10.0.19041.2546)
Time: Wed Jul 19 18:16:33 2023 Türkiye Standart Saati elapsed time: 299.971136 seconds (0d 0h 4m 59s)

---------------  T H R E A D  ---------------

Current thread (0x00000231c2ab4090):  JavaThread "C2 CompilerThread0" daemon [_thread_in_native, id=24028, stack(0x00000050ebe00000,0x00000050ebf00000)]


Current CompileTask:
C2: 299971 5657   !   4       com.hazelcast.spi.impl.operationservice.impl.OperationRunnerImpl::run (259 bytes)

Stack: [0x00000050ebe00000,0x00000050ebf00000]
Native frames: (J=compiled Java code, j=interpreted, Vv=VM code, C=native code)
V  [jvm.dll+0x6bb95a]
V  [jvm.dll+0x8485fa]
V  [jvm.dll+0x84a1f5]
V  [jvm.dll+0x84a8f3]
V  [jvm.dll+0x280b0f]
V  [jvm.dll+0xc2b11]
V  [jvm.dll+0xc2e35]
V  [jvm.dll+0x2f5dbf]
V  [jvm.dll+0x5e32eb]
V  [jvm.dll+0x2543b4]
V  [jvm.dll+0x25477f]
V  [jvm.dll+0x24cf6d]
V  [jvm.dll+0x24a549]
V  [jvm.dll+0x1ce491]
V  [jvm.dll+0x259e1b]
V  [jvm.dll+0x2584f0]
V  [jvm.dll+0x3f2895]
V  [jvm.dll+0x7f4b56]
V  [jvm.dll+0x6ba5cb]
C  [ucrtbase.dll+0x21bb2]
C  [KERNEL32.DLL+0x17614]
C  [ntdll.dll+0x526a1]


---------------  P R O C E S S  ---------------

Threads class SMR info:
_java_thread_list=0x00000231ca333cd0, length=73, elements={
0x00000231c2a86a00, 0x00000231c2a879a0, 0x00000231c2a88ca0, 0x00000231c2a8c600,
0x00000231c2a8f0f0, 0x00000231c2aafbe0, 0x00000231c2ab4090, 0x00000231c2ab6bc0,
0x00000231c6d6b780, 0x00000231c6d6f980, 0x00000231c77cea70, 0x00000231c6fb11d0,
0x00000231c6fb1720, 0x00000231c78633a0, 0x00000231c78638f0, 0x00000231c77f61d0,
0x00000231c77f4740, 0x00000231c77f71c0, 0x00000231c77f3ca0, 0x00000231c77f5730,
0x00000231c77f6720, 0x00000231c77f41f0, 0x00000231c77f6c70, 0x00000231c77f51e0,
0x00000231c77f4c90, 0x00000231c77f5c80, 0x00000231c86c78d0, 0x00000231c86c4900,
0x00000231c86c98b0, 0x00000231c86c9e00, 0x00000231c86cb340, 0x00000231c86cbde0,
0x00000231c86cb890, 0x00000231c86c6e30, 0x00000231c86c7e20, 0x00000231c86ca350,
0x00000231c86ca8a0, 0x00000231c86c8e10, 0x00000231c86c8370, 0x00000231c86cadf0,
0x00000231c86c53a0, 0x00000231c86c88c0, 0x00000231c86c9360, 0x00000231c86c43b0,
0x00000231c86c4e50, 0x00000231c86c58f0, 0x00000231c86c5e40, 0x00000231c86c6390,
0x00000231c86c68e0, 0x00000231c86c7380, 0x00000231c7b5b5b0, 0x00000231c7b5b060,
0x00000231c7b62540, 0x00000231c7b5bb00, 0x00000231c7b5e030, 0x00000231c7b5c050,
0x00000231c7b5e580, 0x00000231c7b60560, 0x00000231c7b62a90, 0x00000231c7b5f020,
0x00000231c7b5f570, 0x00000231c7b5c5a0, 0x00000231c7b5caf0, 0x00000231c7b61550,
0x00000231c7b61aa0, 0x00000231ca893c70, 0x00000231ca89a6b0, 0x00000231ca897190,
0x00000231ca89ac00, 0x00000231ca898c20, 0x00000231ca899170, 0x00000231ca8941c0,
0x00000231ca894710
}

Java Threads: ( => current thread )
  0x00000231c2a86a00 JavaThread "Reference Handler" daemon [_thread_blocked, id=24148, stack(0x00000050eb800000,0x00000050eb900000)]
  0x00000231c2a879a0 JavaThread "Finalizer" daemon [_thread_blocked, id=24988, stack(0x00000050eb900000,0x00000050eba00000)]
  0x00000231c2a88ca0 JavaThread "Signal Dispatcher" daemon [_thread_blocked, id=22880, stack(0x00000050eba00000,0x00000050ebb00000)]
  0x00000231c2a8c600 JavaThread "Attach Listener" daemon [_thread_blocked, id=12004, stack(0x00000050ebb00000,0x00000050ebc00000)]
  0x00000231c2a8f0f0 JavaThread "Service Thread" daemon [_thread_blocked, id=14024, stack(0x00000050ebc00000,0x00000050ebd00000)]
  0x00000231c2aafbe0 JavaThread "Monitor Deflation Thread" daemon [_thread_blocked, id=11388, stack(0x00000050ebd00000,0x00000050ebe00000)]
=>0x00000231c2ab4090 JavaThread "C2 CompilerThread0" daemon [_thread_in_native, id=24028, stack(0x00000050ebe00000,0x00000050ebf00000)]
  0x00000231c2ab6bc0 JavaThread "C1 CompilerThread0" daemon [_thread_blocked, id=24268, stack(0x00000050ebf00000,0x00000050ec000000)]
  0x00000231c6d6b780 JavaThread "Notification Thread" daemon [_thread_blocked, id=3912, stack(0x00000050ec200000,0x00000050ec300000)]
  0x00000231c6d6f980 JavaThread "Common-Cleaner" daemon [_thread_blocked, id=24112, stack(0x00000050ec400000,0x00000050ec500000)]
  0x00000231c77cea70 JavaThread "hz.eloquent_mendeleev.scheduled.thread-" [_thread_blocked, id=25312, stack(0x00000050ece00000,0x00000050ecf00000)]
  0x00000231c6fb11d0 JavaThread "hz.eloquent_mendeleev.event-1" [_thread_blocked, id=24104, stack(0x00000050ecf00000,0x00000050ed000000)]
  0x00000231c6fb1720 JavaThread "hz.eloquent_mendeleev.event-2" [_thread_blocked, id=24404, stack(0x00000050ed000000,0x00000050ed100000)]
  0x00000231c78633a0 JavaThread "hz.eloquent_mendeleev.event-3" [_thread_blocked, id=3956, stack(0x00000050ed100000,0x00000050ed200000)]
  0x00000231c78638f0 JavaThread "hz.eloquent_mendeleev.event-4" [_thread_blocked, id=25124, stack(0x00000050ed200000,0x00000050ed300000)]
  0x00000231c77f61d0 JavaThread "hz.eloquent_mendeleev.event-5" [_thread_blocked, id=21152, stack(0x00000050ed300000,0x00000050ed400000)]
  0x00000231c77f4740 JavaThread "hz.eloquent_mendeleev.operation-parker" [_thread_blocked, id=25040, stack(0x00000050ed400000,0x00000050ed500000)]
  0x00000231c77f71c0 JavaThread "hz.eloquent_mendeleev.MetricsRegistry.thread-1" [_thread_blocked, id=19336, stack(0x00000050ed700000,0x00000050ed800000)]
  0x00000231c77f3ca0 JavaThread "hz.eloquent_mendeleev.MetricsRegistry.thread-2" [_thread_blocked, id=23532, stack(0x00000050ed800000,0x00000050ed900000)]
  0x00000231c77f5730 JavaThread "hz.eloquent_mendeleev.migration" [_thread_blocked, id=24968, stack(0x00000050edf00000,0x00000050ee000000)]
  0x00000231c77f6720 JavaThread "hz.eloquent_mendeleev.cached.thread-1" [_thread_blocked, id=25428, stack(0x00000050ee000000,0x00000050ee100000)]
  0x00000231c77f41f0 JavaThread "hz.eloquent_mendeleev.InvocationMonitorThread" [_thread_blocked, id=24652, stack(0x00000050ee100000,0x00000050ee200000)]
  0x00000231c77f6c70 JavaThread "hz.eloquent_mendeleev.partition-operation.thread-0" [_thread_blocked, id=25396, stack(0x00000050ee200000,0x00000050ee300000)]
  0x00000231c77f51e0 JavaThread "hz.eloquent_mendeleev.partition-operation.thread-1" [_thread_blocked, id=14864, stack(0x00000050ee300000,0x00000050ee400000)]
  0x00000231c77f4c90 JavaThread "hz.eloquent_mendeleev.partition-operation.thread-2" [_thread_blocked, id=22128, stack(0x00000050ee400000,0x00000050ee500000)]
  0x00000231c77f5c80 JavaThread "hz.eloquent_mendeleev.partition-operation.thread-3" [_thread_blocked, id=4984, stack(0x00000050ee500000,0x00000050ee600000)]
  0x00000231c86c78d0 JavaThread "hz.eloquent_mendeleev.partition-operation.thread-4" [_thread_blocked, id=23100, stack(0x00000050ee600000,0x00000050ee700000)]
  0x00000231c86c4900 JavaThread "hz.eloquent_mendeleev.partition-operation.thread-5" [_thread_blocked, id=24984, stack(0x00000050ee700000,0x00000050ee800000)]
  0x00000231c86c98b0 JavaThread "hz.eloquent_mendeleev.partition-operation.thread-6" [_thread_blocked, id=14208, stack(0x00000050ee800000,0x00000050ee900000)]
  0x00000231c86c9e00 JavaThread "hz.eloquent_mendeleev.partition-operation.thread-7" [_thread_blocked, id=25504, stack(0x00000050ee900000,0x00000050eea00000)]
  0x00000231c86cb340 JavaThread "hz.eloquent_mendeleev.partition-operation.thread-8" [_thread_blocked, id=23432, stack(0x00000050eea00000,0x00000050eeb00000)]
  0x00000231c86cbde0 JavaThread "hz.eloquent_mendeleev.partition-operation.thread-9" [_thread_blocked, id=25032, stack(0x00000050eeb00000,0x00000050eec00000)]
  0x00000231c86cb890 JavaThread "hz.eloquent_mendeleev.partition-operation.thread-10" [_thread_blocked, id=25112, stack(0x00000050eec00000,0x00000050eed00000)]
  0x00000231c86c6e30 JavaThread "hz.eloquent_mendeleev.partition-operation.thread-11" [_thread_blocked, id=23516, stack(0x00000050eed00000,0x00000050eee00000)]
  0x00000231c86c7e20 JavaThread "hz.eloquent_mendeleev.partition-operation.thread-12" [_thread_blocked, id=25400, stack(0x00000050eee00000,0x00000050eef00000)]
  0x00000231c86ca350 JavaThread "hz.eloquent_mendeleev.partition-operation.thread-13" [_thread_blocked, id=21544, stack(0x00000050eef00000,0x00000050ef000000)]
  0x00000231c86ca8a0 JavaThread "hz.eloquent_mendeleev.partition-operation.thread-14" [_thread_blocked, id=25292, stack(0x00000050ef000000,0x00000050ef100000)]
  0x00000231c86c8e10 JavaThread "hz.eloquent_mendeleev.partition-operation.thread-15" [_thread_blocked, id=24084, stack(0x00000050ef100000,0x00000050ef200000)]
  0x00000231c86c8370 JavaThread "hz.eloquent_mendeleev.priority-generic-operation.thread-0" [_thread_blocked, id=25036, stack(0x00000050ef200000,0x00000050ef300000)]
  0x00000231c86cadf0 JavaThread "hz.eloquent_mendeleev.generic-operation.thread-0" [_thread_blocked, id=25280, stack(0x00000050ef300000,0x00000050ef400000)]
  0x00000231c86c53a0 JavaThread "hz.eloquent_mendeleev.generic-operation.thread-1" [_thread_blocked, id=22832, stack(0x00000050ef400000,0x00000050ef500000)]
  0x00000231c86c88c0 JavaThread "hz.eloquent_mendeleev.generic-operation.thread-2" [_thread_blocked, id=16668, stack(0x00000050ef500000,0x00000050ef600000)]
  0x00000231c86c9360 JavaThread "hz.eloquent_mendeleev.generic-operation.thread-3" [_thread_blocked, id=16188, stack(0x00000050ef600000,0x00000050ef700000)]
  0x00000231c86c43b0 JavaThread "hz.eloquent_mendeleev.generic-operation.thread-4" [_thread_blocked, id=25300, stack(0x00000050ef700000,0x00000050ef800000)]
  0x00000231c86c4e50 JavaThread "hz.eloquent_mendeleev.generic-operation.thread-5" [_thread_blocked, id=25296, stack(0x00000050ef800000,0x00000050ef900000)]
  0x00000231c86c58f0 JavaThread "hz.eloquent_mendeleev.generic-operation.thread-6" [_thread_blocked, id=22712, stack(0x00000050ef900000,0x00000050efa00000)]
  0x00000231c86c5e40 JavaThread "hz.eloquent_mendeleev.generic-operation.thread-7" [_thread_blocked, id=11052, stack(0x00000050efa00000,0x00000050efb00000)]
  0x00000231c86c6390 JavaThread "hz.eloquent_mendeleev.response-0" [_thread_blocked, id=25572, stack(0x00000050efb00000,0x00000050efc00000)]
  0x00000231c86c68e0 JavaThread "hz.eloquent_mendeleev.response-1" [_thread_blocked, id=13400, stack(0x00000050efc00000,0x00000050efd00000)]
  0x00000231c86c7380 JavaThread "hz.eloquent_mendeleev.SlowOperationDetectorThread" [_thread_blocked, id=21900, stack(0x00000050efd00000,0x00000050efe00000)]
  0x00000231c7b5b5b0 JavaThread "hz.eloquent_mendeleev.cached.thread-3" [_thread_blocked, id=24232, stack(0x00000050eff00000,0x00000050f0000000)]
  0x00000231c7b5b060 JavaThread "hz.eloquent_mendeleev.IO.thread-in-0" [_thread_in_native, id=25148, stack(0x00000050f0000000,0x00000050f0100000)]
  0x00000231c7b62540 JavaThread "hz.eloquent_mendeleev.IO.thread-in-1" [_thread_in_native, id=25064, stack(0x00000050f0100000,0x00000050f0200000)]
  0x00000231c7b5bb00 JavaThread "hz.eloquent_mendeleev.IO.thread-in-2" [_thread_in_native, id=24144, stack(0x00000050f0200000,0x00000050f0300000)]
  0x00000231c7b5e030 JavaThread "hz.eloquent_mendeleev.IO.thread-out-0" [_thread_in_native, id=25340, stack(0x00000050f0300000,0x00000050f0400000)]
  0x00000231c7b5c050 JavaThread "hz.eloquent_mendeleev.IO.thread-out-1" [_thread_in_native, id=21604, stack(0x00000050f0400000,0x00000050f0500000)]
  0x00000231c7b5e580 JavaThread "hz.eloquent_mendeleev.IO.thread-out-2" [_thread_in_native, id=16020, stack(0x00000050f0500000,0x00000050f0600000)]
  0x00000231c7b60560 JavaThread "hz.eloquent_mendeleev.IO.BalancerThread" [_thread_blocked, id=25060, stack(0x00000050f0600000,0x00000050f0700000)]
  0x00000231c7b62a90 JavaThread "hz.eloquent_mendeleev.IO.thread-Acceptor" [_thread_in_native, id=25084, stack(0x00000050f0700000,0x00000050f0800000)]
  0x00000231c7b5f020 JavaThread "hz.eloquent_mendeleev.MulticastThread" [_thread_in_native, id=24844, stack(0x00000050f0800000,0x00000050f0900000)]
  0x00000231c7b5f570 JavaThread "hz.eloquent_mendeleev.TcpServer.thread-1" [_thread_blocked, id=11468, stack(0x00000050ed500000,0x00000050ed600000)]
  0x00000231c7b5c5a0 JavaThread "hz.eloquent_mendeleev.cached.thread-4" [_thread_blocked, id=22196, stack(0x00000050edd00000,0x00000050ede00000)]
  0x00000231c7b5caf0 JavaThread "hz.eloquent_mendeleev.cached.thread-5" [_thread_blocked, id=4044, stack(0x00000050ede00000,0x00000050edf00000)]
  0x00000231c7b61550 JavaThread "hz.eloquent_mendeleev.cached.thread-6" [_thread_blocked, id=22244, stack(0x00000050f0900000,0x00000050f0a00000)]
  0x00000231c7b61aa0 JavaThread "hz.eloquent_mendeleev.HealthMonitor" daemon [_thread_blocked, id=796, stack(0x00000050f0b00000,0x00000050f0c00000)]
  0x00000231ca893c70 JavaThread "DestroyJavaVM" [_thread_blocked, id=25204, stack(0x00000050eb100000,0x00000050eb200000)]
  0x00000231ca89a6b0 JavaThread "hz.eloquent_mendeleev.cached.thread-8" [_thread_blocked, id=25708, stack(0x00000050ec000000,0x00000050ec100000)]
  0x00000231ca897190 JavaThread "hz.eloquent_mendeleev.cached.thread-10" [_thread_blocked, id=26424, stack(0x00000050eaf00000,0x00000050eb000000)]
  0x00000231ca89ac00 JavaThread "hz.eloquent_mendeleev.cached.thread-11" [_thread_blocked, id=26428, stack(0x00000050eb000000,0x00000050eb100000)]
  0x00000231ca898c20 JavaThread "hz.eloquent_mendeleev.cached.thread-12" [_thread_blocked, id=26432, stack(0x00000050f0e00000,0x00000050f0f00000)]
  0x00000231ca899170 JavaThread "hz.eloquent_mendeleev.cached.thread-7" [_thread_blocked, id=23868, stack(0x00000050eae00000,0x00000050eaf00000)]
  0x00000231ca8941c0 JavaThread "hz.eloquent_mendeleev.cached.thread-2" [_thread_blocked, id=7692, stack(0x00000050ec100000,0x00000050ec200000)]
  0x00000231ca894710 JavaThread "hz.eloquent_mendeleev.cached.thread-9" [_thread_blocked, id=26524, stack(0x00000050ec500000,0x00000050ec600000)]

Other Threads:
  0x00000231c2a627c0 VMThread "VM Thread" [stack: 0x00000050eb700000,0x00000050eb800000] [id=22428]
  0x00000231c6d6e0f0 WatcherThread "VM Periodic Task Thread" [stack: 0x00000050ec300000,0x00000050ec400000] [id=23948]
  0x00000231a2a586b0 WorkerThread "GC Thread#0" [stack: 0x00000050eb200000,0x00000050eb300000] [id=22792]
  0x00000231c2a63030 WorkerThread "GC Thread#1" [stack: 0x00000050ec600000,0x00000050ec700000] [id=16548]
  0x00000231c2a638a0 WorkerThread "GC Thread#2" [stack: 0x00000050ec700000,0x00000050ec800000] [id=11000]
  0x00000231c2a63300 WorkerThread "GC Thread#3" [stack: 0x00000050ec800000,0x00000050ec900000] [id=22332]
  0x00000231c2a635d0 WorkerThread "GC Thread#4" [stack: 0x00000050ec900000,0x00000050eca00000] [id=12080]
  0x00000231c2a61f50 WorkerThread "GC Thread#5" [stack: 0x00000050eca00000,0x00000050ecb00000] [id=24040]
  0x00000231c2a62220 WorkerThread "GC Thread#6" [stack: 0x00000050ecb00000,0x00000050ecc00000] [id=25536]
  0x00000231c2a624f0 WorkerThread "GC Thread#7" [stack: 0x00000050ecc00000,0x00000050ecd00000] [id=25012]
  0x00000231c77dc060 WorkerThread "GC Thread#8" [stack: 0x00000050ecd00000,0x00000050ece00000] [id=24888]
  0x00000231c77dce70 WorkerThread "GC Thread#9" [stack: 0x00000050ed900000,0x00000050eda00000] [id=20936]
  0x00000231c77da170 WorkerThread "GC Thread#10" [stack: 0x00000050eda00000,0x00000050edb00000] [id=25348]
  0x00000231c77da440 WorkerThread "GC Thread#11" [stack: 0x00000050edb00000,0x00000050edc00000] [id=8808]
  0x00000231c77dcba0 WorkerThread "GC Thread#12" [stack: 0x00000050edc00000,0x00000050edd00000] [id=24764]
  0x00000231a2a69370 ConcurrentGCThread "G1 Main Marker" [stack: 0x00000050eb300000,0x00000050eb400000] [id=1240]
  0x00000231a2a6adb0 WorkerThread "G1 Conc#0" [stack: 0x00000050eb400000,0x00000050eb500000] [id=14340]
  0x00000231c77dbac0 WorkerThread "G1 Conc#1" [stack: 0x00000050f0c00000,0x00000050f0d00000] [id=25432]
  0x00000231c77d9900 WorkerThread "G1 Conc#2" [stack: 0x00000050f0d00000,0x00000050f0e00000] [id=23808]
  0x00000231a2aaec20 ConcurrentGCThread "G1 Refine#0" [stack: 0x00000050eb500000,0x00000050eb600000] [id=17052]
  0x00000231c2924440 ConcurrentGCThread "G1 Service" [stack: 0x00000050eb600000,0x00000050eb700000] [id=17452]

Threads with active compile tasks:
C2 CompilerThread0   299988 5657   !   4       com.hazelcast.spi.impl.operationservice.impl.OperationRunnerImpl::run (259 bytes)

VM state: not at safepoint (normal execution)

VM Mutex/Monitor currently owned by a thread: None

Heap address: 0x0000000703e00000, size: 4034 MB, Compressed Oops mode: Zero based, Oop shift amount: 3

CDS archive(s) mapped at: [0x0000000800000000-0x0000000800c60000-0x0000000800c60000), size 12976128, SharedBaseAddress: 0x0000000800000000, ArchiveRelocationMode: 0.
Compressed class space mapped at: 0x0000000801000000-0x0000000841000000, reserved size: 1073741824
Narrow klass base: 0x0000000800000000, Narrow klass shift: 0, Narrow klass range: 0x100000000

GC Precious Log:
 CardTable entry size: 512
 Card Set container configuration: InlinePtr #cards 4 size 8 Array Of Cards #cards 16 size 48 Howl #buckets 8 coarsen threshold 3686 Howl Bitmap #cards 512 size 80 coarsen threshold 460 Card regions per heap region 1 cards per card region 4096
 CPUs: 16 total, 16 available
 Memory: 16128M
 Large Page Support: Disabled
 NUMA Support: Disabled
 Compressed Oops: Enabled (Zero based)
 Heap Region Size: 2M
 Heap Min Capacity: 8M
 Heap Initial Capacity: 254M
 Heap Max Capacity: 4034M
 Pre-touch: Disabled
 Parallel Workers: 13
 Concurrent Workers: 3
 Concurrent Refinement Workers: 13
 Periodic GC: Disabled

Heap:
 garbage-first heap   total 69632K, used 37258K [0x0000000703e00000, 0x0000000800000000)
  region size 2048K, 12 young (24576K), 1 survivors (2048K)
 Metaspace       used 29523K, committed 29888K, reserved 1114112K
  class space    used 3762K, committed 3968K, reserved 1048576K

Heap Regions: E=young(eden), S=young(survivor), O=old, HS=humongous(starts), HC=humongous(continues), CS=collection set, F=free, OA=open archive, CA=closed archive, TAMS=top-at-mark-start, PB=parsable bottom
|   0|0x0000000703e00000, 0x0000000704000000, 0x0000000704000000|100%|HS|  |TAMS 0x0000000703e00000| PB 0x0000000703e00000| Complete 
|   1|0x0000000704000000, 0x0000000704200000, 0x0000000704200000|100%| O|  |TAMS 0x0000000704000000| PB 0x0000000704000000| Untracked 
|   2|0x0000000704200000, 0x0000000704400000, 0x0000000704400000|100%| O|  |TAMS 0x0000000704200000| PB 0x0000000704200000| Untracked 
|   3|0x0000000704400000, 0x0000000704600000, 0x0000000704600000|100%| O|  |TAMS 0x0000000704400000| PB 0x0000000704400000| Untracked 
|   4|0x0000000704600000, 0x0000000704800000, 0x0000000704800000|100%| O|  |TAMS 0x0000000704600000| PB 0x0000000704600000| Untracked 
|   5|0x0000000704800000, 0x0000000704a00000, 0x0000000704a00000|100%| O|  |TAMS 0x0000000704800000| PB 0x0000000704800000| Untracked 
|   6|0x0000000704a00000, 0x0000000704c00000, 0x0000000704c00000|100%| O|  |TAMS 0x0000000704a00000| PB 0x0000000704a00000| Untracked 
|   7|0x0000000704c00000, 0x0000000704c8d200, 0x0000000704e00000| 27%| O|  |TAMS 0x0000000704c00000| PB 0x0000000704c00000| Untracked 
|   8|0x0000000704e00000, 0x0000000704e00000, 0x0000000705000000|  0%| F|  |TAMS 0x0000000704e00000| PB 0x0000000704e00000| Untracked 
|   9|0x0000000705000000, 0x0000000705000000, 0x0000000705200000|  0%| F|  |TAMS 0x0000000705000000| PB 0x0000000705000000| Untracked 
|  10|0x0000000705200000, 0x0000000705200000, 0x0000000705400000|  0%| F|  |TAMS 0x0000000705200000| PB 0x0000000705200000| Untracked 
|  11|0x0000000705400000, 0x0000000705400000, 0x0000000705600000|  0%| F|  |TAMS 0x0000000705400000| PB 0x0000000705400000| Untracked 
|  12|0x0000000705600000, 0x0000000705600000, 0x0000000705800000|  0%| F|  |TAMS 0x0000000705600000| PB 0x0000000705600000| Untracked 
|  13|0x0000000705800000, 0x00000007059d56c0, 0x0000000705a00000| 91%| S|CS|TAMS 0x0000000705800000| PB 0x0000000705800000| Complete 
|  14|0x0000000705a00000, 0x0000000705a00000, 0x0000000705c00000|  0%| F|  |TAMS 0x0000000705a00000| PB 0x0000000705a00000| Untracked 
|  15|0x0000000705c00000, 0x0000000705c00000, 0x0000000705e00000|  0%| F|  |TAMS 0x0000000705c00000| PB 0x0000000705c00000| Untracked 
|  16|0x0000000705e00000, 0x0000000705e00000, 0x0000000706000000|  0%| F|  |TAMS 0x0000000705e00000| PB 0x0000000705e00000| Untracked 
|  17|0x0000000706000000, 0x0000000706000000, 0x0000000706200000|  0%| F|  |TAMS 0x0000000706000000| PB 0x0000000706000000| Untracked 
|  18|0x0000000706200000, 0x0000000706200000, 0x0000000706400000|  0%| F|  |TAMS 0x0000000706200000| PB 0x0000000706200000| Untracked 
|  19|0x0000000706400000, 0x0000000706400000, 0x0000000706600000|  0%| F|  |TAMS 0x0000000706400000| PB 0x0000000706400000| Untracked 
|  20|0x0000000706600000, 0x0000000706600000, 0x0000000706800000|  0%| F|  |TAMS 0x0000000706600000| PB 0x0000000706600000| Untracked 
|  21|0x0000000706800000, 0x0000000706800000, 0x0000000706a00000|  0%| F|  |TAMS 0x0000000706800000| PB 0x0000000706800000| Untracked 
|  22|0x0000000706a00000, 0x0000000706a00000, 0x0000000706c00000|  0%| F|  |TAMS 0x0000000706a00000| PB 0x0000000706a00000| Untracked 
|  23|0x0000000706c00000, 0x0000000706d4b1e8, 0x0000000706e00000| 64%| E|  |TAMS 0x0000000706c00000| PB 0x0000000706c00000| Complete 
|  24|0x0000000706e00000, 0x0000000707000000, 0x0000000707000000|100%| E|CS|TAMS 0x0000000706e00000| PB 0x0000000706e00000| Complete 
|  25|0x0000000707000000, 0x0000000707200000, 0x0000000707200000|100%| E|CS|TAMS 0x0000000707000000| PB 0x0000000707000000| Complete 
|  26|0x0000000707200000, 0x0000000707400000, 0x0000000707400000|100%| E|CS|TAMS 0x0000000707200000| PB 0x0000000707200000| Complete 
| 104|0x0000000710e00000, 0x0000000711000000, 0x0000000711000000|100%| E|CS|TAMS 0x0000000710e00000| PB 0x0000000710e00000| Complete 
| 105|0x0000000711000000, 0x0000000711200000, 0x0000000711200000|100%| E|CS|TAMS 0x0000000711000000| PB 0x0000000711000000| Complete 
| 109|0x0000000711800000, 0x0000000711a00000, 0x0000000711a00000|100%| E|CS|TAMS 0x0000000711800000| PB 0x0000000711800000| Complete 
| 110|0x0000000711a00000, 0x0000000711c00000, 0x0000000711c00000|100%| E|CS|TAMS 0x0000000711a00000| PB 0x0000000711a00000| Complete 
| 111|0x0000000711c00000, 0x0000000711e00000, 0x0000000711e00000|100%| E|CS|TAMS 0x0000000711c00000| PB 0x0000000711c00000| Complete 
| 125|0x0000000713800000, 0x0000000713a00000, 0x0000000713a00000|100%| E|CS|TAMS 0x0000000713800000| PB 0x0000000713800000| Complete 
| 126|0x0000000713a00000, 0x0000000713c00000, 0x0000000713c00000|100%| E|CS|TAMS 0x0000000713a00000| PB 0x0000000713a00000| Complete 

Card table byte_map: [0x00000231bab30000,0x00000231bb320000] _byte_map_base: 0x00000231b7311000

Marking Bits: (CMBitMap*) 0x00000231a2a58ce0
 Bits: [0x00000231bbb10000, 0x00000231bfa18000)

Polling page: 0x00000231a09c0000

Metaspace:

Usage:
  Non-class:     25.16 MB used.
      Class:      3.67 MB used.
       Both:     28.83 MB used.

Virtual space:
  Non-class space:       64.00 MB reserved,      25.31 MB ( 40%) committed,  1 nodes.
      Class space:        1.00 GB reserved,       3.88 MB ( <1%) committed,  1 nodes.
             Both:        1.06 GB reserved,      29.19 MB (  3%) committed. 

Chunk freelists:
   Non-Class:  2.31 MB
       Class:  3.98 MB
        Both:  6.29 MB

MaxMetaspaceSize: unlimited
CompressedClassSpaceSize: 1.00 GB
Initial GC threshold: 21.00 MB
Current GC threshold: 35.44 MB
CDS: on
MetaspaceReclaimPolicy: balanced
 - commit_granule_bytes: 65536.
 - commit_granule_words: 8192.
 - virtual_space_node_default_size: 8388608.
 - enlarge_chunks_in_place: 1.
 - new_chunks_are_fully_committed: 0.
 - uncommit_free_chunks: 1.
 - use_allocation_guard: 0.


Internal statistics:

num_allocs_failed_limit: 5.
num_arena_births: 426.
num_arena_deaths: 0.
num_vsnodes_births: 2.
num_vsnodes_deaths: 0.
num_space_committed: 467.
num_space_uncommitted: 0.
num_chunks_returned_to_freelist: 5.
num_chunks_taken_from_freelist: 1283.
num_chunk_merges: 5.
num_chunk_splits: 842.
num_chunks_enlarged: 590.
num_inconsistent_stats: 0.

CodeHeap 'non-profiled nmethods': size=119168Kb used=3638Kb max_used=3638Kb free=115529Kb
 bounds [0x00000231b2640000, 0x00000231b29d0000, 0x00000231b9aa0000]
CodeHeap 'profiled nmethods': size=119104Kb used=10516Kb max_used=10516Kb free=108587Kb
 bounds [0x00000231aaaa0000, 0x00000231ab4f0000, 0x00000231b1ef0000]
CodeHeap 'non-nmethods': size=7488Kb used=1765Kb max_used=3540Kb free=5722Kb
 bounds [0x00000231b1ef0000, 0x00000231b22d0000, 0x00000231b2640000]
 total_blobs=6271 nmethods=5655 adapters=526
 compilation: enabled
              stopped_count=0, restarted_count=0
 full_count=0

Compilation events (20 events):
Event: 284.107 Thread 0x00000231c2ab4090 nmethod 5646 0x00000231b29c9590 code [0x00000231b29c98c0, 0x00000231b29ca5a8]
Event: 285.126 Thread 0x00000231c2ab4090 5647       4       java.util.BitSet::nextSetBit (102 bytes)
Event: 285.127 Thread 0x00000231c2ab4090 nmethod 5647 0x00000231b29cb490 code [0x00000231b29cb600, 0x00000231b29cb760]
Event: 285.297 Thread 0x00000231c2ab4090 5648       4       com.hazelcast.spi.impl.executionservice.impl.DelegateAndSkipOnConcurrentExecutionDecorator::run (42 bytes)
Event: 285.303 Thread 0x00000231c2ab4090 nmethod 5648 0x00000231b29cb890 code [0x00000231b29cbae0, 0x00000231b29cc488]
Event: 285.964 Thread 0x00000231c2ab6bc0 5649       1       com.hazelcast.spi.impl.operationservice.impl.InvocationMonitor::access$1800 (5 bytes)
Event: 285.964 Thread 0x00000231c2ab6bc0 nmethod 5649 0x00000231b29ccd90 code [0x00000231b29ccf00, 0x00000231b29ccfb0]
Event: 285.964 Thread 0x00000231c2ab6bc0 5650       3       com.hazelcast.spi.impl.operationservice.CallsPerMember::toArray (41 bytes)
Event: 285.964 Thread 0x00000231c2ab6bc0 nmethod 5650 0x00000231ab4e3990 code [0x00000231ab4e3b60, 0x00000231ab4e4060]
Event: 285.964 Thread 0x00000231c2ab6bc0 5651       1       com.hazelcast.spi.impl.operationservice.impl.InvocationMonitor::access$1900 (5 bytes)
Event: 285.964 Thread 0x00000231c2ab6bc0 nmethod 5651 0x00000231b29cd090 code [0x00000231b29cd200, 0x00000231b29cd2b0]
Event: 286.961 Thread 0x00000231c2ab6bc0 5652       3       java.util.concurrent.ConcurrentHashMap::keySet (26 bytes)
Event: 286.962 Thread 0x00000231c2ab6bc0 nmethod 5652 0x00000231ab4e4210 code [0x00000231ab4e43c0, 0x00000231ab4e4778]
Event: 290.167 Thread 0x00000231c2ab6bc0 5653       3       java.util.concurrent.atomic.AtomicInteger::<init> (5 bytes)
Event: 290.167 Thread 0x00000231c2ab6bc0 nmethod 5653 0x00000231ab4e4890 code [0x00000231ab4e4a20, 0x00000231ab4e4be8]
Event: 291.961 Thread 0x00000231c2ab6bc0 5654       3       java.util.concurrent.ConcurrentHashMap::keySet (5 bytes)
Event: 291.962 Thread 0x00000231c2ab6bc0 nmethod 5654 0x00000231ab4e4d10 code [0x00000231ab4e4ea0, 0x00000231ab4e4ff0]
Event: 296.959 Thread 0x00000231c2ab6bc0 5656       1       com.hazelcast.spi.impl.NodeEngineImpl::getProxyService (5 bytes)
Event: 296.960 Thread 0x00000231c2ab6bc0 nmethod 5656 0x00000231b29cd790 code [0x00000231b29cd900, 0x00000231b29cd9d0]
Event: 299.956 Thread 0x00000231c2ab4090 5657   !   4       com.hazelcast.spi.impl.operationservice.impl.OperationRunnerImpl::run (259 bytes)

GC Heap History (10 events):
Event: 0.442 GC heap before
{Heap before GC invocations=0 (full 0):
 garbage-first heap   total 260096K, used 24576K [0x0000000703e00000, 0x0000000800000000)
  region size 2048K, 11 young (22528K), 0 survivors (0K)
 Metaspace       used 6065K, committed 6272K, reserved 1114112K
  class space    used 802K, committed 896K, reserved 1048576K
}
Event: 0.445 GC heap after
{Heap after GC invocations=1 (full 0):
 garbage-first heap   total 260096K, used 5155K [0x0000000703e00000, 0x0000000800000000)
  region size 2048K, 2 young (4096K), 2 survivors (4096K)
 Metaspace       used 6065K, committed 6272K, reserved 1114112K
  class space    used 802K, committed 896K, reserved 1048576K
}
Event: 0.860 GC heap before
{Heap before GC invocations=1 (full 0):
 garbage-first heap   total 260096K, used 37923K [0x0000000703e00000, 0x0000000800000000)
  region size 2048K, 18 young (36864K), 2 survivors (4096K)
 Metaspace       used 14978K, committed 15168K, reserved 1114112K
  class space    used 2139K, committed 2240K, reserved 1048576K
}
Event: 0.864 GC heap after
{Heap after GC invocations=2 (full 0):
 garbage-first heap   total 260096K, used 7754K [0x0000000703e00000, 0x0000000800000000)
  region size 2048K, 3 young (6144K), 3 survivors (6144K)
 Metaspace       used 14978K, committed 15168K, reserved 1114112K
  class space    used 2139K, committed 2240K, reserved 1048576K
}
Event: 6.405 GC heap before
{Heap before GC invocations=2 (full 0):
 garbage-first heap   total 260096K, used 36426K [0x0000000703e00000, 0x0000000800000000)
  region size 2048K, 18 young (36864K), 3 survivors (6144K)
 Metaspace       used 21246K, committed 21504K, reserved 1114112K
  class space    used 2874K, committed 3008K, reserved 1048576K
}
Event: 6.410 GC heap after
{Heap after GC invocations=3 (full 0):
 garbage-first heap   total 260096K, used 12228K [0x0000000703e00000, 0x0000000800000000)
  region size 2048K, 5 young (10240K), 5 survivors (10240K)
 Metaspace       used 21246K, committed 21504K, reserved 1114112K
  class space    used 2874K, committed 3008K, reserved 1048576K
}
Event: 7.731 GC heap before
{Heap before GC invocations=4 (full 0):
 garbage-first heap   total 55296K, used 55236K [0x0000000703e00000, 0x0000000800000000)
  region size 2048K, 26 young (53248K), 5 survivors (10240K)
 Metaspace       used 28997K, committed 29376K, reserved 1114112K
  class space    used 3739K, committed 3904K, reserved 1048576K
}
Event: 7.738 GC heap after
{Heap after GC invocations=5 (full 0):
 garbage-first heap   total 69632K, used 15425K [0x0000000703e00000, 0x0000000800000000)
  region size 2048K, 7 young (14336K), 7 survivors (14336K)
 Metaspace       used 28997K, committed 29376K, reserved 1114112K
  class space    used 3739K, committed 3904K, reserved 1048576K
}
Event: 9.225 GC heap before
{Heap before GC invocations=5 (full 0):
 garbage-first heap   total 69632K, used 42049K [0x0000000703e00000, 0x0000000800000000)
  region size 2048K, 20 young (40960K), 7 survivors (14336K)
 Metaspace       used 29002K, committed 29376K, reserved 1114112K
  class space    used 3739K, committed 3904K, reserved 1048576K
}
Event: 9.230 GC heap after
{Heap after GC invocations=6 (full 0):
 garbage-first heap   total 69632K, used 16778K [0x0000000703e00000, 0x0000000800000000)
  region size 2048K, 1 young (2048K), 1 survivors (2048K)
 Metaspace       used 29002K, committed 29376K, reserved 1114112K
  class space    used 3739K, committed 3904K, reserved 1048576K
}

Dll operation events (10 events):
Event: 0.003 Loaded shared library D:\languages\java\bin\java.dll
Event: 0.010 Loaded shared library D:\languages\java\bin\jsvml.dll
Event: 0.033 Loaded shared library D:\languages\java\bin\net.dll
Event: 0.034 Loaded shared library D:\languages\java\bin\nio.dll
Event: 0.039 Loaded shared library D:\languages\java\bin\zip.dll
Event: 0.100 Loaded shared library D:\languages\java\bin\jimage.dll
Event: 0.310 Loaded shared library D:\languages\java\bin\extnet.dll
Event: 0.764 Loaded shared library D:\languages\java\bin\management.dll
Event: 0.765 Loaded shared library D:\languages\java\bin\management_ext.dll
Event: 0.998 Loaded shared library D:\languages\java\bin\sunmscapi.dll

Deoptimization events (20 events):
Event: 76.957 Thread 0x00000231ca89ac00 DEOPT PACKING pc=0x00000231b272965c sp=0x00000050eb0fde80
Event: 76.957 Thread 0x00000231ca89ac00 DEOPT UNPACKING pc=0x00000231b1f0d2a2 sp=0x00000050eb0fde38 mode 2
Event: 100.967 Thread 0x00000231ca89a6b0 Uncommon trap: trap_request=0xffffff54 fr.pc=0x00000231b2969788 relative=0x00000000000002c8
Event: 100.967 Thread 0x00000231ca89a6b0 Uncommon trap: reason=speculate_null_assert action=make_not_entrant pc=0x00000231b2969788 method=com.hazelcast.internal.serialization.impl.AbstractSerializationService.serializerFor(Ljava/lang/Object;Z)Lcom/hazelcast/internal/serialization/impl/Serializer
Event: 100.967 Thread 0x00000231ca89a6b0 DEOPT PACKING pc=0x00000231b2969788 sp=0x00000050ec0feb60
Event: 100.967 Thread 0x00000231ca89a6b0 DEOPT UNPACKING pc=0x00000231b1f0d2a2 sp=0x00000050ec0fea90 mode 2
Event: 121.965 Thread 0x00000231ca898c20 DEOPT PACKING pc=0x00000231ab3f9177 sp=0x00000050f0efeaf0
Event: 121.965 Thread 0x00000231ca898c20 DEOPT UNPACKING pc=0x00000231b1f5e462 sp=0x00000050f0efe040 mode 0
Event: 133.461 Thread 0x00000231c77f6720 Uncommon trap: trap_request=0xffffff45 fr.pc=0x00000231b2991170 relative=0x0000000000000890
Event: 133.461 Thread 0x00000231c77f6720 Uncommon trap: reason=unstable_if action=reinterpret pc=0x00000231b2991170 method=java.util.concurrent.locks.AbstractQueuedSynchronizer$ConditionObject.canReacquire(Ljava/util/concurrent/locks/AbstractQueuedSynchronizer$ConditionNode;)Z @ 18 c2
Event: 133.461 Thread 0x00000231c77f6720 DEOPT PACKING pc=0x00000231b2991170 sp=0x00000050ee0fef70
Event: 133.461 Thread 0x00000231c77f6720 DEOPT UNPACKING pc=0x00000231b1f0d2a2 sp=0x00000050ee0fedf8 mode 2
Event: 135.783 Thread 0x00000231c77f3ca0 DEOPT PACKING pc=0x00000231aaed2566 sp=0x00000050ed8fe8f0
Event: 135.783 Thread 0x00000231c77f3ca0 DEOPT UNPACKING pc=0x00000231b1f5e462 sp=0x00000050ed8fde30 mode 0
Event: 166.490 Thread 0x00000231c77cea70 Uncommon trap: trap_request=0xffffff45 fr.pc=0x00000231b295128c relative=0x000000000000008c
Event: 166.490 Thread 0x00000231c77cea70 Uncommon trap: reason=unstable_if action=reinterpret pc=0x00000231b295128c method=jdk.internal.misc.Unsafe.getAndBitwiseAndInt(Ljava/lang/Object;JI)I @ 21 c2
Event: 166.490 Thread 0x00000231c77cea70 DEOPT PACKING pc=0x00000231b295128c sp=0x00000050ecefebe0
Event: 166.490 Thread 0x00000231c77cea70 DEOPT UNPACKING pc=0x00000231b1f0d2a2 sp=0x00000050ecefeae8 mode 2
Event: 229.600 Thread 0x00000231c86c7380 DEOPT PACKING pc=0x00000231ab3ca9eb sp=0x00000050efdff440
Event: 229.600 Thread 0x00000231c86c7380 DEOPT UNPACKING pc=0x00000231b1f5e462 sp=0x00000050efdfe930 mode 0

Classes loaded (20 events):
Event: 6.718 Loading class java/util/concurrent/CompletableFuture$Signaller
Event: 6.718 Loading class java/util/concurrent/CompletableFuture$Signaller done
Event: 6.763 Loading class java/io/StringWriter
Event: 6.763 Loading class java/io/StringWriter done
Event: 7.659 Loading class sun/net/ConnectionResetException
Event: 7.659 Loading class sun/net/ConnectionResetException done
Event: 7.659 Loading class javax/crypto/AEADBadTagException
Event: 7.659 Loading class javax/crypto/BadPaddingException
Event: 7.659 Loading class javax/crypto/BadPaddingException done
Event: 7.660 Loading class javax/crypto/AEADBadTagException done
Event: 7.660 Loading class javax/net/ssl/SSLHandshakeException
Event: 7.660 Loading class javax/net/ssl/SSLException
Event: 7.660 Loading class javax/net/ssl/SSLException done
Event: 7.660 Loading class javax/net/ssl/SSLHandshakeException done
Event: 7.660 Loading class sun/security/ssl/Alert
Event: 7.660 Loading class sun/security/ssl/Alert done
Event: 7.660 Loading class sun/security/ssl/Alert$AlertConsumer
Event: 7.660 Loading class sun/security/ssl/Alert$AlertConsumer done
Event: 7.660 Loading class sun/security/ssl/Alert$Level
Event: 7.660 Loading class sun/security/ssl/Alert$Level done

Classes unloaded (0 events):
No events

Classes redefined (0 events):
No events

Internal exceptions (20 events):
Event: 6.652 Thread 0x00000231c86c6390 Exception <a 'java/lang/NoSuchMethodError'{0x00000007062b8e30}: 'long java.lang.invoke.Invokers$Holder.invokeExact_MT(java.lang.Object, java.lang.Object)'> (0x00000007062b8e30) 
thrown [s\open\src\hotspot\share\interpreter\linkResolver.cpp, line 773]
Event: 6.659 Thread 0x00000231c86c6390 Exception <a 'java/lang/NoSuchMethodError'{0x00000007062ddd68}: static Lcom/hazelcast/core/HazelcastException;.<clinit>()V> (0x00000007062ddd68) 
thrown [s\open\src\hotspot\share\prims\jni.cpp, line 1105]
Event: 6.660 Thread 0x00000231c86c6390 Exception <a 'java/lang/NoSuchMethodError'{0x00000007062e9c08}: static Lcom/hazelcast/spi/exception/RetryableHazelcastException;.<clinit>()V> (0x00000007062e9c08) 
thrown [s\open\src\hotspot\share\prims\jni.cpp, line 1105]
Event: 6.660 Thread 0x00000231c86c6390 Exception <a 'java/lang/NoSuchMethodError'{0x00000007057f1c10}: static Lcom/hazelcast/spi/exception/PartitionMigratingException;.<clinit>()V> (0x00000007057f1c10) 
thrown [s\open\src\hotspot\share\prims\jni.cpp, line 1105]
Event: 6.670 Thread 0x00000231c86c4900 Exception <a 'java/lang/NoSuchMethodError'{0x00000007059ae760}: 'java.lang.Object java.lang.invoke.DirectMethodHandle$Holder.invokeStaticInit(java.lang.Object, java.lang.Object, int)'> (0x00000007059ae760) 
thrown [s\open\src\hotspot\share\interpreter\linkResolver.cpp, line 773]
Event: 6.705 Thread 0x00000231c77f5c80 Exception <a 'java/lang/NoSuchMethodError'{0x00000007056ced48}: 'int java.lang.invoke.DirectMethodHandle$Holder.invokeStatic(java.lang.Object, int, java.lang.Object, java.lang.Object)'> (0x00000007056ced48) 
thrown [s\open\src\hotspot\share\interpreter\linkResolver.cpp, line 773]
Event: 6.706 Thread 0x00000231c86c78d0 Exception <a 'java/lang/NoSuchMethodError'{0x0000000705564d38}: 'java.lang.Object java.lang.invoke.DirectMethodHandle$Holder.newInvokeSpecial(java.lang.Object, int, java.lang.Object)'> (0x0000000705564d38) 
thrown [s\open\src\hotspot\share\interpreter\linkResolver.cpp, line 773]
Event: 6.706 Thread 0x00000231c86cb890 Exception <a 'java/lang/NoSuchMethodError'{0x00000007050b37b0}: 'java.lang.Object java.lang.invoke.DirectMethodHandle$Holder.newInvokeSpecial(java.lang.Object, int, java.lang.Object)'> (0x00000007050b37b0) 
thrown [s\open\src\hotspot\share\interpreter\linkResolver.cpp, line 773]
Event: 6.706 Thread 0x00000231c77f4c90 Exception <a 'java/lang/NoSuchMethodError'{0x0000000705635b58}: 'java.lang.Object java.lang.invoke.DirectMethodHandle$Holder.newInvokeSpecial(java.lang.Object, int, java.lang.Object)'> (0x0000000705635b58) 
thrown [s\open\src\hotspot\share\interpreter\linkResolver.cpp, line 773]
Event: 6.706 Thread 0x00000231c86c4900 Exception <a 'java/lang/NoSuchMethodError'{0x00000007059dcb00}: 'java.lang.Object java.lang.invoke.DirectMethodHandle$Holder.newInvokeSpecial(java.lang.Object, int, java.lang.Object)'> (0x00000007059dcb00) 
thrown [s\open\src\hotspot\share\interpreter\linkResolver.cpp, line 773]
Event: 6.707 Thread 0x00000231c86c7e20 Exception <a 'java/lang/NoSuchMethodError'{0x0000000705068460}: 'java.lang.Object java.lang.invoke.DirectMethodHandle$Holder.newInvokeSpecial(java.lang.Object, int, java.lang.Object)'> (0x0000000705068460) 
thrown [s\open\src\hotspot\share\interpreter\linkResolver.cpp, line 773]
Event: 6.707 Thread 0x00000231c86cbde0 Exception <a 'java/lang/NoSuchMethodError'{0x00000007051949a8}: 'java.lang.Object java.lang.invoke.DirectMethodHandle$Holder.newInvokeSpecial(java.lang.Object, int, java.lang.Object)'> (0x00000007051949a8) 
thrown [s\open\src\hotspot\share\interpreter\linkResolver.cpp, line 773]
Event: 6.707 Thread 0x00000231c77f5c80 Exception <a 'java/lang/NoSuchMethodError'{0x00000007056d4b70}: 'java.lang.Object java.lang.invoke.DirectMethodHandle$Holder.newInvokeSpecial(java.lang.Object, int, java.lang.Object)'> (0x00000007056d4b70) 
thrown [s\open\src\hotspot\share\interpreter\linkResolver.cpp, line 773]
Event: 6.707 Thread 0x00000231c77f6c70 Exception <a 'java/lang/NoSuchMethodError'{0x0000000705982330}: 'java.lang.Object java.lang.invoke.DirectMethodHandle$Holder.newInvokeSpecial(java.lang.Object, int, java.lang.Object)'> (0x0000000705982330) 
thrown [s\open\src\hotspot\share\interpreter\linkResolver.cpp, line 773]
Event: 7.659 Thread 0x00000231c7b61000 Exception <a 'sun/net/ConnectionResetException'{0x0000000705bcac60}: Connection reset> (0x0000000705bcac60) 
thrown [s\open\src\hotspot\share\prims\jni.cpp, line 538]
Event: 7.660 Thread 0x00000231c7b61000 Exception <a 'java/io/IOException'{0x0000000705bcd1c0}: Connection reset by peer> (0x0000000705bcd1c0) 
thrown [s\open\src\hotspot\share\prims\jni.cpp, line 538]
Event: 21.044 Thread 0x00000231c7b62540 Implicit null exception at 0x00000231b27d2b10 to 0x00000231b27d3ecc
Event: 30.959 Thread 0x00000231c7b5dae0 Exception <a 'java/lang/NoSuchMethodError'{0x0000000713bd1ee0}: 'java.lang.Object java.lang.invoke.DirectMethodHandle$Holder.newInvokeSpecial(java.lang.Object, java.lang.Object, java.lang.Object, long)'> (0x0000000713bd1ee0) 
thrown [s\open\src\hotspot\share\interpreter\linkResolver.cpp, line 773]
Event: 30.959 Thread 0x00000231c7b5dae0 Exception <a 'java/lang/NoSuchMethodError'{0x0000000711c7cd20}: 'java.lang.Object java.lang.invoke.DirectMethodHandle$Holder.invokeSpecial(java.lang.Object, java.lang.Object, java.lang.Object, java.lang.Object, long)'> (0x0000000711c7cd20) 
thrown [s\open\src\hotspot\share\interpreter\linkResolver.cpp, line 773]
Event: 30.960 Thread 0x00000231c7b5dae0 Exception <a 'java/lang/NoSuchMethodError'{0x0000000711c803c0}: 'java.lang.Object java.lang.invoke.Invokers$Holder.linkToTargetMethod(java.lang.Object, java.lang.Object, long, java.lang.Object)'> (0x0000000711c803c0) 
thrown [s\open\src\hotspot\share\interpreter\linkResolver.cpp, line 773]

VM Operations (20 events):
Event: 241.853 Executing VM operation: Cleanup
Event: 241.854 Executing VM operation: Cleanup done
Event: 248.914 Executing VM operation: Cleanup
Event: 248.914 Executing VM operation: Cleanup done
Event: 255.963 Executing VM operation: Cleanup
Event: 255.963 Executing VM operation: Cleanup done
Event: 263.015 Executing VM operation: Cleanup
Event: 263.016 Executing VM operation: Cleanup done
Event: 264.023 Executing VM operation: Cleanup
Event: 264.023 Executing VM operation: Cleanup done
Event: 271.086 Executing VM operation: Cleanup
Event: 271.086 Executing VM operation: Cleanup done
Event: 274.096 Executing VM operation: Cleanup
Event: 274.097 Executing VM operation: Cleanup done
Event: 275.099 Executing VM operation: Cleanup
Event: 275.099 Executing VM operation: Cleanup done
Event: 281.149 Executing VM operation: Cleanup
Event: 281.150 Executing VM operation: Cleanup done
Event: 285.172 Executing VM operation: Cleanup
Event: 285.172 Executing VM operation: Cleanup done

Events (20 events):
Event: 66.902 Thread 0x00000231ca273c30 Thread exited: 0x00000231ca273c30
Event: 66.902 Thread 0x00000231ca2721a0 Thread exited: 0x00000231ca2721a0
Event: 66.917 Thread 0x00000231ca89a160 Thread exited: 0x00000231ca89a160
Event: 66.917 Thread 0x00000231ca271700 Thread exited: 0x00000231ca271700
Event: 66.917 Thread 0x00000231ca899c10 Thread exited: 0x00000231ca899c10
Event: 66.917 Thread 0x00000231ca2726f0 Thread exited: 0x00000231ca2726f0
Event: 66.917 Thread 0x00000231ca272c40 Thread exited: 0x00000231ca272c40
Event: 66.917 Thread 0x00000231ca899170 Thread exited: 0x00000231ca899170
Event: 120.989 Thread 0x00000231c7b5dae0 Thread exited: 0x00000231c7b5dae0
Event: 150.985 Thread 0x00000231ca8931d0 Thread exited: 0x00000231ca8931d0
Event: 150.985 Thread 0x00000231c7b61000 Thread exited: 0x00000231c7b61000
Event: 171.967 Thread 0x00000231c8758b60 Thread added: 0x00000231c8758b60
Event: 171.967 Thread 0x00000231c875b7e0 Thread added: 0x00000231c875b7e0
Event: 172.665 Thread 0x00000231c875b7e0 Thread exited: 0x00000231c875b7e0
Event: 172.775 Thread 0x00000231c8758b60 Thread exited: 0x00000231c8758b60
Event: 210.970 Thread 0x00000231ca899170 Thread added: 0x00000231ca899170
Event: 240.967 Thread 0x00000231ca8941c0 Thread added: 0x00000231ca8941c0
Event: 240.967 Thread 0x00000231ca894710 Thread added: 0x00000231ca894710
Event: 271.956 Thread 0x00000231c8756a00 Thread added: 0x00000231c8756a00
Event: 273.033 Thread 0x00000231c8756a00 Thread exited: 0x00000231c8756a00


Dynamic libraries:
0x00007ff65f0f0000 - 0x00007ff65f100000 	D:\languages\java\bin\java.exe
0x00007ffd296b0000 - 0x00007ffd298a8000 	C:\Windows\SYSTEM32\ntdll.dll
0x00007ffcdc990000 - 0x00007ffcdc9a9000 	C:\Program Files\Avast Software\Avast\aswhook.dll
0x00007ffd28550000 - 0x00007ffd2860f000 	C:\Windows\System32\KERNEL32.DLL
0x00007ffd271a0000 - 0x00007ffd27472000 	C:\Windows\System32\KERNELBASE.dll
0x00007ffd27530000 - 0x00007ffd27630000 	C:\Windows\System32\ucrtbase.dll
0x00007ffd218f0000 - 0x00007ffd2190b000 	D:\languages\java\bin\VCRUNTIME140.dll
0x00007ffd1eec0000 - 0x00007ffd1eed9000 	D:\languages\java\bin\jli.dll
0x00007ffd27eb0000 - 0x00007ffd27f5e000 	C:\Windows\System32\ADVAPI32.dll
0x00007ffd28a00000 - 0x00007ffd28a9e000 	C:\Windows\System32\msvcrt.dll
0x00007ffd28bb0000 - 0x00007ffd28c4c000 	C:\Windows\System32\sechost.dll
0x00007ffd29540000 - 0x00007ffd29664000 	C:\Windows\System32\RPCRT4.dll
0x00007ffd28850000 - 0x00007ffd289f1000 	C:\Windows\System32\USER32.dll
0x00007ffd27630000 - 0x00007ffd27652000 	C:\Windows\System32\win32u.dll
0x00007ffd27f60000 - 0x00007ffd27f8b000 	C:\Windows\System32\GDI32.dll
0x00007ffd0ff40000 - 0x00007ffd101da000 	C:\Windows\WinSxS\amd64_microsoft.windows.common-controls_6595b64144ccf1df_6.0.19041.1110_none_60b5254171f9507e\COMCTL32.dll
0x00007ffd26de0000 - 0x00007ffd26eef000 	C:\Windows\System32\gdi32full.dll
0x00007ffd27660000 - 0x00007ffd276fd000 	C:\Windows\System32\msvcp_win.dll
0x00007ffd1f010000 - 0x00007ffd1f01a000 	C:\Windows\SYSTEM32\VERSION.dll
0x00007ffd28b10000 - 0x00007ffd28b40000 	C:\Windows\System32\IMM32.DLL
0x00007ffd22c80000 - 0x00007ffd22c8c000 	D:\languages\java\bin\vcruntime140_1.dll
0x00007ffd1bac0000 - 0x00007ffd1bb4e000 	D:\languages\java\bin\msvcp140.dll
0x00007ffce6660000 - 0x00007ffce72f7000 	D:\languages\java\bin\server\jvm.dll
0x00007ffd0ef90000 - 0x00007ffd0efb7000 	C:\Windows\SYSTEM32\WINMM.dll
0x00007ffd0ac50000 - 0x00007ffd0ac59000 	C:\Windows\SYSTEM32\WSOCK32.dll
0x00007ffd28b40000 - 0x00007ffd28bab000 	C:\Windows\System32\WS2_32.dll
0x00007ffd24c50000 - 0x00007ffd24c62000 	C:\Windows\SYSTEM32\kernel.appcore.dll
0x00007ffce4b70000 - 0x00007ffce4b7a000 	D:\languages\java\bin\jimage.dll
0x00007ffd194d0000 - 0x00007ffd196b4000 	C:\Windows\SYSTEM32\DBGHELP.DLL
0x00007ffd1b610000 - 0x00007ffd1b645000 	C:\Windows\SYSTEM32\dbgcore.DLL
0x00007ffd27050000 - 0x00007ffd270d2000 	C:\Windows\System32\bcryptPrimitives.dll
0x00007ffce1ef0000 - 0x00007ffce1f16000 	D:\languages\java\bin\java.dll
0x00007ffcdfe00000 - 0x00007ffcdfed7000 	D:\languages\java\bin\jsvml.dll
0x00007ffd28df0000 - 0x00007ffd29535000 	C:\Windows\System32\SHELL32.dll
0x00007ffd24e70000 - 0x00007ffd25602000 	C:\Windows\SYSTEM32\windows.storage.dll
0x00007ffd280a0000 - 0x00007ffd283f5000 	C:\Windows\System32\combase.dll
0x00007ffd26810000 - 0x00007ffd26840000 	C:\Windows\SYSTEM32\Wldp.dll
0x00007ffd27ff0000 - 0x00007ffd2809d000 	C:\Windows\System32\SHCORE.dll
0x00007ffd28c50000 - 0x00007ffd28ca5000 	C:\Windows\System32\shlwapi.dll
0x00007ffd26cf0000 - 0x00007ffd26d0f000 	C:\Windows\SYSTEM32\profapi.dll
0x00007ffcdfdb0000 - 0x00007ffcdfdc3000 	D:\languages\java\bin\net.dll
0x00007ffd21920000 - 0x00007ffd21a2a000 	C:\Windows\SYSTEM32\WINHTTP.dll
0x00007ffd26570000 - 0x00007ffd265da000 	C:\Windows\system32\mswsock.dll
0x00007ffcdfd90000 - 0x00007ffcdfda6000 	D:\languages\java\bin\nio.dll
0x00007ffcdfd70000 - 0x00007ffcdfd88000 	D:\languages\java\bin\zip.dll
0x00007ffd26210000 - 0x00007ffd2624b000 	C:\Windows\SYSTEM32\IPHLPAPI.DLL
0x00007ffd28d60000 - 0x00007ffd28d68000 	C:\Windows\System32\NSI.dll
0x00007ffd1f940000 - 0x00007ffd1f957000 	C:\Windows\SYSTEM32\dhcpcsvc6.DLL
0x00007ffd1f880000 - 0x00007ffd1f89d000 	C:\Windows\SYSTEM32\dhcpcsvc.DLL
0x00007ffd26260000 - 0x00007ffd2632b000 	C:\Windows\SYSTEM32\DNSAPI.dll
0x00007ffd01540000 - 0x00007ffd01547000 	D:\languages\java\bin\extnet.dll
0x00007ffd1cf80000 - 0x00007ffd1cf8a000 	D:\languages\java\bin\management.dll
0x00007ffd1cf70000 - 0x00007ffd1cf7b000 	D:\languages\java\bin\management_ext.dll
0x00007ffd28b00000 - 0x00007ffd28b08000 	C:\Windows\System32\PSAPI.DLL
0x00007ffd01530000 - 0x00007ffd0153e000 	D:\languages\java\bin\sunmscapi.dll
0x00007ffd26ef0000 - 0x00007ffd27046000 	C:\Windows\System32\CRYPT32.dll
0x00007ffd26880000 - 0x00007ffd268a7000 	C:\Windows\SYSTEM32\ncrypt.dll
0x00007ffd26840000 - 0x00007ffd2687b000 	C:\Windows\SYSTEM32\NTASN1.dll
0x00007ffcf9d50000 - 0x00007ffcf9d57000 	C:\Windows\system32\wshunix.dll
0x00007ffd26770000 - 0x00007ffd26788000 	C:\Windows\SYSTEM32\CRYPTSP.dll
0x00007ffd25e20000 - 0x00007ffd25e54000 	C:\Windows\system32\rsaenh.dll
0x00007ffd26db0000 - 0x00007ffd26dd7000 	C:\Windows\System32\bcrypt.dll
0x00007ffd26c70000 - 0x00007ffd26c9e000 	C:\Windows\SYSTEM32\USERENV.dll
0x00007ffd26760000 - 0x00007ffd2676c000 	C:\Windows\SYSTEM32\CRYPTBASE.dll
0x00007ffcfb270000 - 0x00007ffcfb2b9000 	C:\Windows\SYSTEM32\pdh.dll
0x00007ffd1fa90000 - 0x00007ffd1fa9f000 	C:\Windows\System32\perfos.dll
0x00007ffd1ebb0000 - 0x00007ffd1ebba000 	C:\Windows\System32\rasadhlp.dll
0x00007ffd1b690000 - 0x00007ffd1b710000 	C:\Windows\System32\fwpuclnt.dll

dbghelp: loaded successfully - version: 4.0.5 - missing functions: none
symbol engine: initialized successfully - sym options: 0x614 - pdb path: .;D:\languages\java\bin;C:\Windows\SYSTEM32;C:\Program Files\Avast Software\Avast;C:\Windows\WinSxS\amd64_microsoft.windows.common-controls_6595b64144ccf1df_6.0.19041.1110_none_60b5254171f9507e;D:\languages\java\bin\server

VM Arguments:
java_command: com.ramazanakdag.hazelcast2.HazelCast2
java_class_path (initial): C:\Users\Ramazan Fýrat\Documents\NetBeansProjects\hazelCast2\target\classes;C:\Users\Ramazan Fýrat\.m2\repository\com\hazelcast\hazelcast\5.3.1\hazelcast-5.3.1.jar;C:\Users\Ramazan Fýrat\.m2\repository\com\hazelcast\hazelcast-client\3.12.13\hazelcast-client-3.12.13.jar
Launcher Type: SUN_STANDARD

[Global flags]
     intx CICompilerCount                          = 12                                        {product} {ergonomic}
     uint ConcGCThreads                            = 3                                         {product} {ergonomic}
     uint G1ConcRefinementThreads                  = 13                                        {product} {ergonomic}
   size_t G1HeapRegionSize                         = 2097152                                   {product} {ergonomic}
    uintx GCDrainStackTargetSize                   = 64                                        {product} {ergonomic}
   size_t InitialHeapSize                          = 266338304                                 {product} {ergonomic}
   size_t MarkStackSize                            = 4194304                                   {product} {ergonomic}
   size_t MaxHeapSize                              = 4229955584                                {product} {ergonomic}
   size_t MaxNewSize                               = 2537553920                                {product} {ergonomic}
   size_t MinHeapDeltaBytes                        = 2097152                                   {product} {ergonomic}
   size_t MinHeapSize                              = 8388608                                   {product} {ergonomic}
    uintx NonNMethodCodeHeapSize                   = 7602480                                {pd product} {ergonomic}
    uintx NonProfiledCodeHeapSize                  = 122027880                              {pd product} {ergonomic}
    uintx ProfiledCodeHeapSize                     = 122027880                              {pd product} {ergonomic}
    uintx ReservedCodeCacheSize                    = 251658240                              {pd product} {ergonomic}
     bool SegmentedCodeCache                       = true                                      {product} {ergonomic}
   size_t SoftMaxHeapSize                          = 4229955584                             {manageable} {ergonomic}
     bool UseCompressedClassPointers               = true                           {product lp64_product} {ergonomic}
     bool UseCompressedOops                        = true                           {product lp64_product} {ergonomic}
     bool UseG1GC                                  = true                                      {product} {ergonomic}
     bool UseLargePagesIndividualAllocation        = false                                  {pd product} {ergonomic}

Logging:
Log output configuration:
 #0: stdout all=warning uptime,level,tags foldmultilines=false
 #1: stderr all=off uptime,level,tags foldmultilines=false

Environment Variables:
JAVA_HOME=D:\languages\java
PATH=D:\oracle\ora19c\bin;D:\DATABASES\oraDB\bin;D:\DATABASES\ora19c\bin;D:\oracle\ora21c\dbhomeXE\bin;C:\Python311\Scripts\;C:\Python311\;C:\Program Files\Common Files\Oracle\Java\javapath;C:\Program Files (x86)\Common Files\Oracle\Java\javapath;C:\Windows\system32;C:\Windows;C:\Windows\System32\Wbem;C:\Windows\System32\WindowsPowerShell\v1.0\;C:\Windows\System32\OpenSSH\;C:\min\bin;C:\msys64\mingw64\bin;C:\Users\Ramazan Fýrat\AppData\Local\Programs\Microsoft VS Code\bin;C:\Program Files\Git\cmd;D:\languages\java\bin;C:\Program Files\NVIDIA Corporation\NVIDIA NvDLISR;C:\Program Files (x86)\NVIDIA Corporation\PhysX\Common;C:\Program Files\Microsoft SQL Server\Client SDK\ODBC\170\Tools\Binn\;C:\Program Files (x86)\Microsoft SQL Server\150\Tools\Binn\;C:\Program Files\Microsoft SQL Server\150\Tools\Binn\;C:\Program Files\Microsoft SQL Server\150\DTS\Binn\;C:\Program Files\Azure Data Studio\bin;C:\msys64\usr\bin;D:\Program Files (x86)\PICC;D:\Program Files\MongoDB\mongosh\bin;C:\ProgramData\chocolatey\bin;D:\programmerRamoFinallyStarted\web\webDevelopKursHerSey\node\;C:\Program Files\MySQL\MySQL Shell 8.0\bin\;C:\Users\Ramazan Fýrat\AppData\Local\Programs\Python\Python39\Scripts\;C:\Users\Ramazan Fýrat\AppData\Local\Programs\Python\Python39\;C:\Users\Ramazan Fýrat\AppData\Local\Microsoft\WindowsApps;C:\mingw-w64-v9.0.0;C:\min\bin;C:\msys64\mingw64\bin;D:\visual studio code\Microsoft VS Code\bin;D:\languages\java\bin;C:\Program Files\Azure Data Studio\bin;C:\Users\Ramazan Fýrat\AppData\Local\GitHubDesktop\bin;C:\Users\Ramazan Fýrat\AppData\Roaming\npm
USERNAME=RamazanFirat
OS=Windows_NT
PROCESSOR_IDENTIFIER=Intel64 Family 6 Model 141 Stepping 1, GenuineIntel
TMP=C:\Users\RAMAZA~1\AppData\Local\Temp
TEMP=C:\Users\RAMAZA~1\AppData\Local\Temp




---------------  S Y S T E M  ---------------

OS:
 Windows 10 , 64 bit Build 19041 (10.0.19041.2546)
OS uptime: 1 days 6:08 hours

CPU: total 16 (initial active 16) (8 cores per cpu, 2 threads per core) family 6 model 141 stepping 1 microcode 0x34, cx8, cmov, fxsr, ht, mmx, 3dnowpref, sse, sse2, sse3, ssse3, sse4.1, sse4.2, popcnt, lzcnt, tsc, tscinvbit, avx, avx2, aes, erms, clmul, bmi1, bmi2, adx, avx512f, avx512dq, avx512cd, avx512bw, avx512vl, sha, fma, vzeroupper, avx512_vpopcntdq, avx512_vpclmulqdq, avx512_vaes, avx512_vnni, clflush, clflushopt, clwb, avx512_vbmi2, avx512_vbmi, rdtscp, rdpid, fsrm, gfni, avx512_bitalg, f16c, pku, cet_ibt, cet_ss, avx512_ifma

Memory: 4k page, system-wide physical 16128M (5195M free)
TotalPageFile size 22234M (AvailPageFile size 4M)
current process WorkingSet (physical memory assigned to process): 173M, peak: 229M
current process commit charge ("private bytes"): 239M, peak: 417M

vm_info: Java HotSpot(TM) 64-Bit Server VM (20.0.1+9-29) for windows-amd64 JRE (20.0.1+9-29), built on 2023-03-07T13:56:11Z by "mach5one" with MS VC++ 17.1 (VS2022)

END.
