#
# There is insufficient memory for the Java Runtime Environment to continue.
# Native memory allocation (mmap) failed to map 266338304 bytes for G1 virtual space
# Possible reasons:
#   The system is out of physical RAM or swap space
#   The process is running with CompressedOops enabled, and the Java Heap may be blocking the growth of the native heap
# Possible solutions:
#   Reduce memory load on the system
#   Increase physical memory or swap space
#   Check if swap backing store is full
#   Decrease Java heap size (-Xmx/-Xms)
#   Decrease number of Java threads
#   Decrease Java thread stack sizes (-Xss)
#   Set larger code cache with -XX:ReservedCodeCacheSize=
#   JVM is running with Zero Based Compressed Oops mode in which the Java heap is
#     placed in the first 32GB address space. The Java Heap base address is the
#     maximum limit for the native heap growth. Please use -XX:HeapBaseMinAddress
#     to set the Java Heap base and to place the Java Heap above 32GB virtual address.
# This output file may be truncated or incomplete.
#
#  Out of Memory Error (os_windows.cpp:3528), pid=10688, tid=19712
#
# JRE version:  (20.0.1+9) (build )
# Java VM: Java HotSpot(TM) 64-Bit Server VM (20.0.1+9-29, mixed mode, sharing, tiered, compressed oops, compressed class ptrs, g1 gc, windows-amd64)
# No core dump will be written. Minidumps are not enabled by default on client versions of Windows
#

---------------  S U M M A R Y ------------

Command Line: com.ramazanakdag.hazelcast2.oracleSqlDemo

Host: 11th Gen Intel(R) Core(TM) i7-11800H @ 2.30GHz, 16 cores, 15G,  Windows 10 , 64 bit Build 19041 (10.0.19041.2546)
Time: Wed Jul 19 23:34:49 2023 Türkiye Standart Saati elapsed time: 0.006152 seconds (0d 0h 0m 0s)

---------------  T H R E A D  ---------------

Current thread (0x000001c22f3ba3a0):  JavaThread "Unknown thread" [_thread_in_vm, id=19712, stack(0x000000b9a8e00000,0x000000b9a8f00000)]

Stack: [0x000000b9a8e00000,0x000000b9a8f00000]
Native frames: (J=compiled Java code, j=interpreted, Vv=VM code, C=native code)
V  [jvm.dll+0x6bb95a]
V  [jvm.dll+0x8485fa]
V  [jvm.dll+0x84a1f5]
V  [jvm.dll+0x84a8f3]
V  [jvm.dll+0x280b0f]
V  [jvm.dll+0x6b86e9]
V  [jvm.dll+0x6ad2da]
V  [jvm.dll+0x35adf5]
V  [jvm.dll+0x363016]
V  [jvm.dll+0x3b3b3e]
V  [jvm.dll+0x3b3dc5]
V  [jvm.dll+0x32b50a]
V  [jvm.dll+0x32c32b]
V  [jvm.dll+0x8112bf]
V  [jvm.dll+0x3c0d91]
V  [jvm.dll+0x7fcfe3]
V  [jvm.dll+0x44c76f]
V  [jvm.dll+0x44e0e1]
C  [jli.dll+0x5287]
C  [ucrtbase.dll+0x21bb2]
C  [KERNEL32.DLL+0x17614]
C  [ntdll.dll+0x526a1]


---------------  P R O C E S S  ---------------

Threads class SMR info:
_java_thread_list=0x00007ffce71ba098, length=0, elements={
}

Java Threads: ( => current thread )

Other Threads:
  0x000001c22f429e90 WorkerThread "GC Thread#0" [stack: 0x000000b9a8f00000,0x000000b9a9000000] [id=13728]
  0x000001c22f43ba70 ConcurrentGCThread "G1 Main Marker" [stack: 0x000000b9a9000000,0x000000b9a9100000] [id=6584]
  0x000001c22f43cb50 WorkerThread "G1 Conc#0" [stack: 0x000000b9a9100000,0x000000b9a9200000] [id=24668]

[error occurred during error reporting (printing all threads), id 0xc0000005, EXCEPTION_ACCESS_VIOLATION (0xc0000005) at pc=0x00007ffce699eb47]
VM state: not at safepoint (not fully initialized)

VM Mutex/Monitor currently owned by a thread:  ([mutex/lock_event])
[0x000001c22f3b4800] Heap_lock - owner thread: 0x000001c22f3ba3a0

Heap address: 0x0000000703e00000, size: 4034 MB, Compressed Oops mode: Zero based, Oop shift amount: 3

CDS archive(s) mapped at: [0x0000000000000000-0x0000000000000000-0x0000000000000000), size 0, SharedBaseAddress: 0x0000000800000000, ArchiveRelocationMode: 0.
Narrow klass base: 0x0000000000000000, Narrow klass shift: 0, Narrow klass range: 0x0

GC Precious Log:
 CardTable entry size: 512
 Card Set container configuration: InlinePtr #cards 4 size 8 Array Of Cards #cards 16 size 48 Howl #buckets 8 coarsen threshold 3686 Howl Bitmap #cards 512 size 80 coarsen threshold 460 Card regions per heap region 1 cards per card region 4096

Heap:
 garbage-first heap   total 0K, used 0K [0x0000000703e00000, 0x0000000800000000)
  region size 2048K, 0 young (0K), 0 survivors (0K)

[error occurred during error reporting (printing heap information), id 0xc0000005, EXCEPTION_ACCESS_VIOLATION (0xc0000005) at pc=0x00007ffce6d73c59]
GC Heap History (0 events):
No events

Dll operation events (1 events):
Event: 0.004 Loaded shared library D:\languages\java\bin\java.dll

Deoptimization events (0 events):
No events

Classes loaded (0 events):
No events

Classes unloaded (0 events):
No events

Classes redefined (0 events):
No events

Internal exceptions (0 events):
No events

VM Operations (0 events):
No events

Events (0 events):
No events


Dynamic libraries:
0x00007ff736e30000 - 0x00007ff736e40000 	D:\languages\java\bin\java.exe
0x00007ffd296b0000 - 0x00007ffd298a8000 	C:\Windows\SYSTEM32\ntdll.dll
0x00007ffcdc990000 - 0x00007ffcdc9a9000 	C:\Program Files\Avast Software\Avast\aswhook.dll
0x00007ffd28550000 - 0x00007ffd2860f000 	C:\Windows\System32\KERNEL32.DLL
0x00007ffd271a0000 - 0x00007ffd27472000 	C:\Windows\System32\KERNELBASE.dll
0x00007ffd27530000 - 0x00007ffd27630000 	C:\Windows\System32\ucrtbase.dll
0x00007ffd1f120000 - 0x00007ffd1f13b000 	D:\languages\java\bin\VCRUNTIME140.dll
0x00007ffd1c720000 - 0x00007ffd1c739000 	D:\languages\java\bin\jli.dll
0x00007ffd27eb0000 - 0x00007ffd27f5e000 	C:\Windows\System32\ADVAPI32.dll
0x00007ffd28a00000 - 0x00007ffd28a9e000 	C:\Windows\System32\msvcrt.dll
0x00007ffd28bb0000 - 0x00007ffd28c4c000 	C:\Windows\System32\sechost.dll
0x00007ffd29540000 - 0x00007ffd29664000 	C:\Windows\System32\RPCRT4.dll
0x00007ffd28850000 - 0x00007ffd289f1000 	C:\Windows\System32\USER32.dll
0x00007ffd27630000 - 0x00007ffd27652000 	C:\Windows\System32\win32u.dll
0x00007ffd27f60000 - 0x00007ffd27f8b000 	C:\Windows\System32\GDI32.dll
0x00007ffd0ff40000 - 0x00007ffd101da000 	C:\Windows\WinSxS\amd64_microsoft.windows.common-controls_6595b64144ccf1df_6.0.19041.1110_none_60b5254171f9507e\COMCTL32.dll
0x00007ffd26de0000 - 0x00007ffd26eef000 	C:\Windows\System32\gdi32full.dll
0x00007ffd27660000 - 0x00007ffd276fd000 	C:\Windows\System32\msvcp_win.dll
0x00007ffd1f010000 - 0x00007ffd1f01a000 	C:\Windows\SYSTEM32\VERSION.dll
0x00007ffd28b10000 - 0x00007ffd28b40000 	C:\Windows\System32\IMM32.DLL
0x00007ffd1fe20000 - 0x00007ffd1fe2c000 	D:\languages\java\bin\vcruntime140_1.dll
0x00007ffd04d30000 - 0x00007ffd04dbe000 	D:\languages\java\bin\msvcp140.dll
0x00007ffce6660000 - 0x00007ffce72f7000 	D:\languages\java\bin\server\jvm.dll
0x00007ffd0ac50000 - 0x00007ffd0ac59000 	C:\Windows\SYSTEM32\WSOCK32.dll
0x00007ffd0ef90000 - 0x00007ffd0efb7000 	C:\Windows\SYSTEM32\WINMM.dll
0x00007ffd28b40000 - 0x00007ffd28bab000 	C:\Windows\System32\WS2_32.dll
0x00007ffd24c50000 - 0x00007ffd24c62000 	C:\Windows\SYSTEM32\kernel.appcore.dll
0x00007ffce4b70000 - 0x00007ffce4b7a000 	D:\languages\java\bin\jimage.dll
0x00007ffd194d0000 - 0x00007ffd196b4000 	C:\Windows\SYSTEM32\DBGHELP.DLL
0x00007ffd1b610000 - 0x00007ffd1b645000 	C:\Windows\SYSTEM32\dbgcore.DLL
0x00007ffd27050000 - 0x00007ffd270d2000 	C:\Windows\System32\bcryptPrimitives.dll
0x00007ffce1ef0000 - 0x00007ffce1f16000 	D:\languages\java\bin\java.dll

dbghelp: loaded successfully - version: 4.0.5 - missing functions: none
symbol engine: initialized successfully - sym options: 0x614 - pdb path: .;D:\languages\java\bin;C:\Windows\SYSTEM32;C:\Program Files\Avast Software\Avast;C:\Windows\WinSxS\amd64_microsoft.windows.common-controls_6595b64144ccf1df_6.0.19041.1110_none_60b5254171f9507e;D:\languages\java\bin\server

VM Arguments:
java_command: com.ramazanakdag.hazelcast2.oracleSqlDemo
java_class_path (initial): C:\Users\Ramazan Fýrat\Documents\NetBeansProjects\hazelCast2\target\classes;C:\Users\Ramazan Fýrat\.m2\repository\com\hazelcast\hazelcast\5.3.1\hazelcast-5.3.1.jar;C:\Users\Ramazan Fýrat\.m2\repository\com\hazelcast\hazelcast-client\3.12.13\hazelcast-client-3.12.13.jar;C:\Users\Ramazan Fýrat\.m2\repository\com\oracle\database\jdbc\ojdbc10\19.19.0.0\ojdbc10-19.19.0.0.jar
Launcher Type: SUN_STANDARD

[Global flags]
     intx CICompilerCount                          = 12                                        {product} {ergonomic}
     uint ConcGCThreads                            = 3                                         {product} {ergonomic}
     uint G1ConcRefinementThreads                  = 13                                        {product} {ergonomic}
   size_t G1HeapRegionSize                         = 2097152                                   {product} {ergonomic}
    uintx GCDrainStackTargetSize                   = 64                                        {product} {ergonomic}
   size_t InitialHeapSize                          = 266338304                                 {product} {ergonomic}
   size_t MarkStackSize                            = 4194304                                   {product} {ergonomic}
   size_t MaxHeapSize                              = 4229955584                                {product} {ergonomic}
   size_t MinHeapDeltaBytes                        = 2097152                                   {product} {ergonomic}
   size_t MinHeapSize                              = 8388608                                   {product} {ergonomic}
    uintx NonNMethodCodeHeapSize                   = 7602480                                {pd product} {ergonomic}
    uintx NonProfiledCodeHeapSize                  = 122027880                              {pd product} {ergonomic}
    uintx ProfiledCodeHeapSize                     = 122027880                              {pd product} {ergonomic}
    uintx ReservedCodeCacheSize                    = 251658240                              {pd product} {ergonomic}
     bool SegmentedCodeCache                       = true                                      {product} {ergonomic}
   size_t SoftMaxHeapSize                          = 4229955584                             {manageable} {ergonomic}
     bool UseCompressedClassPointers               = true                           {product lp64_product} {ergonomic}
     bool UseCompressedOops                        = true                           {product lp64_product} {ergonomic}
     bool UseG1GC                                  = true                                      {product} {ergonomic}
     bool UseLargePagesIndividualAllocation        = false                                  {pd product} {ergonomic}

Logging:
Log output configuration:
 #0: stdout all=warning uptime,level,tags foldmultilines=false
 #1: stderr all=off uptime,level,tags foldmultilines=false

Environment Variables:
JAVA_HOME=D:\languages\java
PATH=D:\oracle\ora19c\bin;D:\DATABASES\oraDB\bin;D:\DATABASES\ora19c\bin;D:\oracle\ora21c\dbhomeXE\bin;C:\Python311\Scripts\;C:\Python311\;C:\Program Files\Common Files\Oracle\Java\javapath;C:\Program Files (x86)\Common Files\Oracle\Java\javapath;C:\Windows\system32;C:\Windows;C:\Windows\System32\Wbem;C:\Windows\System32\WindowsPowerShell\v1.0\;C:\Windows\System32\OpenSSH\;C:\min\bin;C:\msys64\mingw64\bin;C:\Users\Ramazan Fýrat\AppData\Local\Programs\Microsoft VS Code\bin;C:\Program Files\Git\cmd;D:\languages\java\bin;C:\Program Files\NVIDIA Corporation\NVIDIA NvDLISR;C:\Program Files (x86)\NVIDIA Corporation\PhysX\Common;C:\Program Files\Microsoft SQL Server\Client SDK\ODBC\170\Tools\Binn\;C:\Program Files (x86)\Microsoft SQL Server\150\Tools\Binn\;C:\Program Files\Microsoft SQL Server\150\Tools\Binn\;C:\Program Files\Microsoft SQL Server\150\DTS\Binn\;C:\Program Files\Azure Data Studio\bin;C:\msys64\usr\bin;D:\Program Files (x86)\PICC;D:\Program Files\MongoDB\mongosh\bin;C:\ProgramData\chocolatey\bin;D:\programmerRamoFinallyStarted\web\webDevelopKursHerSey\node\;C:\Program Files\MySQL\MySQL Shell 8.0\bin\;C:\Users\Ramazan Fýrat\AppData\Local\Programs\Python\Python39\Scripts\;C:\Users\Ramazan Fýrat\AppData\Local\Programs\Python\Python39\;C:\Users\Ramazan Fýrat\AppData\Local\Microsoft\WindowsApps;C:\mingw-w64-v9.0.0;C:\min\bin;C:\msys64\mingw64\bin;D:\visual studio code\Microsoft VS Code\bin;D:\languages\java\bin;C:\Program Files\Azure Data Studio\bin;C:\Users\Ramazan Fýrat\AppData\Local\GitHubDesktop\bin;C:\Users\Ramazan Fýrat\AppData\Roaming\npm
USERNAME=RamazanFirat
OS=Windows_NT
PROCESSOR_IDENTIFIER=Intel64 Family 6 Model 141 Stepping 1, GenuineIntel
TMP=C:\Users\RAMAZA~1\AppData\Local\Temp
TEMP=C:\Users\RAMAZA~1\AppData\Local\Temp




---------------  S Y S T E M  ---------------

OS:
 Windows 10 , 64 bit Build 19041 (10.0.19041.2546)
OS uptime: 1 days 11:27 hours

CPU: total 16 (initial active 16) (8 cores per cpu, 2 threads per core) family 6 model 141 stepping 1 microcode 0x34, cx8, cmov, fxsr, ht, mmx, 3dnowpref, sse, sse2, sse3, ssse3, sse4.1, sse4.2, popcnt, lzcnt, tsc, tscinvbit, avx, avx2, aes, erms, clmul, bmi1, bmi2, adx, avx512f, avx512dq, avx512cd, avx512bw, avx512vl, sha, fma, vzeroupper, avx512_vpopcntdq, avx512_vpclmulqdq, avx512_vaes, avx512_vnni, clflush, clflushopt, clwb, avx512_vbmi2, avx512_vbmi, rdtscp, rdpid, fsrm, gfni, avx512_bitalg, f16c, pku, cet_ibt, cet_ss, avx512_ifma

Memory: 4k page, system-wide physical 16128M (5989M free)
TotalPageFile size 22342M (AvailPageFile size 238M)
current process WorkingSet (physical memory assigned to process): 10M, peak: 10M
current process commit charge ("private bytes"): 71M, peak: 324M

vm_info: Java HotSpot(TM) 64-Bit Server VM (20.0.1+9-29) for windows-amd64 JRE (20.0.1+9-29), built on 2023-03-07T13:56:11Z by "mach5one" with MS VC++ 17.1 (VS2022)

END.
