#
# There is insufficient memory for the Java Runtime Environment to continue.
# Native memory allocation (malloc) failed to allocate 32744 bytes for Chunk::new
# Possible reasons:
#   The system is out of physical RAM or swap space
#   The process is running with CompressedOops enabled, and the Java Heap may be blocking the growth of the native heap
# Possible solutions:
#   Reduce memory load on the system
#   Increase physical memory or swap space
#   Check if swap backing store is full
#   Decrease Java heap size (-Xmx/-Xms)
#   Decrease number of Java threads
#   Decrease Java thread stack sizes (-Xss)
#   Set larger code cache with -XX:ReservedCodeCacheSize=
#   JVM is running with Zero Based Compressed Oops mode in which the Java heap is
#     placed in the first 32GB address space. The Java Heap base address is the
#     maximum limit for the native heap growth. Please use -XX:HeapBaseMinAddress
#     to set the Java Heap base and to place the Java Heap above 32GB virtual address.
# This output file may be truncated or incomplete.
#
#  Out of Memory Error (arena.cpp:184), pid=23164, tid=20532
#
# JRE version: Java(TM) SE Runtime Environment (20.0.1+9) (build 20.0.1+9-29)
# Java VM: Java HotSpot(TM) 64-Bit Server VM (20.0.1+9-29, mixed mode, sharing, tiered, compressed oops, compressed class ptrs, g1 gc, windows-amd64)
# No core dump will be written. Minidumps are not enabled by default on client versions of Windows
#

---------------  S U M M A R Y ------------

Command Line: -Dclassworlds.conf=D:\netBeans\NetBeans-18\netbeans\java\maven\bin\m2.conf -Dmaven.home=D:\netBeans\NetBeans-18\netbeans\java\maven -Dlibrary.jansi.path=D:\netBeans\NetBeans-18\netbeans\java\maven\lib\jansi-native -Dmaven.multiModuleProjectDirectory=C:\Users\Ramazan Fýrat\Documents\NetBeansProjects\hazelCast2 org.codehaus.plexus.classworlds.launcher.Launcher -Dexec.vmArgs= -Dexec.args=${exec.vmArgs} -classpath %classpath ${exec.mainClass} ${exec.appArgs} -Dexec.appArgs= -Dexec.mainClass=com.ramazanakdag.hazelcast2.HazelCast2 -Dexec.executable=D:\languages\java\bin\java.exe -Dmaven.ext.class.path=D:\netBeans\NetBeans-18\netbeans\java\maven-nblib\netbeans-eventspy.jar process-classes org.codehaus.mojo:exec-maven-plugin:3.1.0:exec

Host: 11th Gen Intel(R) Core(TM) i7-11800H @ 2.30GHz, 16 cores, 15G,  Windows 10 , 64 bit Build 19041 (10.0.19041.2546)
Time: Wed Jul 19 18:43:10 2023 Türkiye Standart Saati elapsed time: 0.329485 seconds (0d 0h 0m 0s)

---------------  T H R E A D  ---------------

Current thread (0x000001b529dc18b0):  JavaThread "C2 CompilerThread7" daemon [_thread_in_native, id=20532, stack(0x00000070fd000000,0x00000070fd100000)]


Current CompileTask:
C2:    329 1146       4       java.io.Reader::read (21 bytes)

Stack: [0x00000070fd000000,0x00000070fd100000]
Native frames: (J=compiled Java code, j=interpreted, Vv=VM code, C=native code)
V  [jvm.dll+0x6bb95a]
V  [jvm.dll+0x8485fa]
V  [jvm.dll+0x84a1f5]
V  [jvm.dll+0x84a8f3]
V  [jvm.dll+0x280b0f]
V  [jvm.dll+0xc2b11]
V  [jvm.dll+0xc2e35]
V  [jvm.dll+0x20b223]
V  [jvm.dll+0x20b105]
V  [jvm.dll+0x20ee17]
V  [jvm.dll+0x210432]
V  [jvm.dll+0x20e46e]
V  [jvm.dll+0x20dc3c]
V  [jvm.dll+0x20eb51]
V  [jvm.dll+0x20de9e]
V  [jvm.dll+0x1f9720]
V  [jvm.dll+0x149b0b]
V  [jvm.dll+0x2f31fc]
V  [jvm.dll+0x2f4f70]
V  [jvm.dll+0x6d3c22]
V  [jvm.dll+0x6cbca6]
V  [jvm.dll+0x6cb2f1]
V  [jvm.dll+0x6c94f4]
V  [jvm.dll+0x1d169c]
V  [jvm.dll+0x1d222b]
V  [jvm.dll+0x1d222b]
V  [jvm.dll+0x2f4fec]
V  [jvm.dll+0x6d3c22]
V  [jvm.dll+0x6cbca6]
V  [jvm.dll+0x6cb2f1]
V  [jvm.dll+0x6c94f4]
V  [jvm.dll+0x1d169c]
V  [jvm.dll+0x1d222b]
V  [jvm.dll+0x2f4fec]
V  [jvm.dll+0x6d3c22]
V  [jvm.dll+0x6cbca6]
V  [jvm.dll+0x6cb2f1]
V  [jvm.dll+0x6c94f4]
V  [jvm.dll+0x1d169c]
V  [jvm.dll+0x1d222b]
V  [jvm.dll+0x2f4fec]
V  [jvm.dll+0x6d3c22]
V  [jvm.dll+0x6cbca6]
V  [jvm.dll+0x6cb2f1]
V  [jvm.dll+0x6c94f4]
V  [jvm.dll+0x1d169c]
V  [jvm.dll+0x1d222b]
V  [jvm.dll+0x2f4fec]
V  [jvm.dll+0x6d3c22]
V  [jvm.dll+0x6cbca6]
V  [jvm.dll+0x6cb2f1]
V  [jvm.dll+0x6c94f4]
V  [jvm.dll+0x1d169c]
V  [jvm.dll+0x1d222b]
V  [jvm.dll+0x2f4fec]
V  [jvm.dll+0x6d3c22]
V  [jvm.dll+0x6cbca6]
V  [jvm.dll+0x6cb2f1]
V  [jvm.dll+0x6c94f4]
V  [jvm.dll+0x1d169c]
V  [jvm.dll+0x1d222b]
V  [jvm.dll+0x2f4fec]
V  [jvm.dll+0x6d3c22]
V  [jvm.dll+0x6cbca6]
V  [jvm.dll+0x6cb2f1]
V  [jvm.dll+0x6c94f4]
V  [jvm.dll+0x1d169c]
V  [jvm.dll+0x1d222b]
V  [jvm.dll+0x2f4fec]
V  [jvm.dll+0x6d3c22]
V  [jvm.dll+0x6cbca6]
V  [jvm.dll+0x6cb2f1]
V  [jvm.dll+0x6c94f4]
V  [jvm.dll+0x1d169c]
V  [jvm.dll+0x1d222b]
V  [jvm.dll+0x2f4fec]
V  [jvm.dll+0x6d3c22]
V  [jvm.dll+0x6cbca6]
V  [jvm.dll+0x6cb2f1]
V  [jvm.dll+0x6c94f4]
V  [jvm.dll+0x1d169c]
V  [jvm.dll+0x1d222b]
V  [jvm.dll+0x2f4fec]
V  [jvm.dll+0x6d3c22]
V  [jvm.dll+0x6cbca6]
V  [jvm.dll+0x6cb2f1]
V  [jvm.dll+0x6c94f4]
V  [jvm.dll+0x1d169c]
V  [jvm.dll+0x1d222b]
V  [jvm.dll+0x1d222b]
V  [jvm.dll+0x2f4fec]
V  [jvm.dll+0x6d3c22]
V  [jvm.dll+0x6cbca6]
V  [jvm.dll+0x6cb2f1]
V  [jvm.dll+0x6c94f4]
V  [jvm.dll+0x1d169c]
V  [jvm.dll+0x1d222b]
V  [jvm.dll+0x1d222b]
V  [jvm.dll+0x2f4fec]
...<more frames>...


---------------  P R O C E S S  ---------------

Threads class SMR info:
_java_thread_list=0x000001b5298e8f60, length=21, elements={
0x000001b5048f7160, 0x000001b523d03e90, 0x000001b523d04d80, 0x000001b523d07fd0,
0x000001b523d0bd80, 0x000001b523d0c7b0, 0x000001b523d0e390, 0x000001b523d0f0f0,
0x000001b523d13060, 0x000001b528d074f0, 0x000001b528d4ac90, 0x000001b528d639b0,
0x000001b528d67a10, 0x000001b528f2a180, 0x000001b5292664a0, 0x000001b5296069e0,
0x000001b529880300, 0x000001b52987f020, 0x000001b529902460, 0x000001b529dc1320,
0x000001b529dc18b0
}

Java Threads: ( => current thread )
  0x000001b5048f7160 JavaThread "main" [_thread_blocked, id=15548, stack(0x00000070fb500000,0x00000070fb600000)]
  0x000001b523d03e90 JavaThread "Reference Handler" daemon [_thread_blocked, id=19680, stack(0x00000070fbc00000,0x00000070fbd00000)]
  0x000001b523d04d80 JavaThread "Finalizer" daemon [_thread_blocked, id=2368, stack(0x00000070fbd00000,0x00000070fbe00000)]
  0x000001b523d07fd0 JavaThread "Signal Dispatcher" daemon [_thread_blocked, id=24708, stack(0x00000070fbe00000,0x00000070fbf00000)]
  0x000001b523d0bd80 JavaThread "Attach Listener" daemon [_thread_blocked, id=5328, stack(0x00000070fbf00000,0x00000070fc000000)]
  0x000001b523d0c7b0 JavaThread "Service Thread" daemon [_thread_blocked, id=21308, stack(0x00000070fc000000,0x00000070fc100000)]
  0x000001b523d0e390 JavaThread "Monitor Deflation Thread" daemon [_thread_blocked, id=5656, stack(0x00000070fc100000,0x00000070fc200000)]
  0x000001b523d0f0f0 JavaThread "C2 CompilerThread0" daemon [_thread_in_native, id=4296, stack(0x00000070fc200000,0x00000070fc300000)]
  0x000001b523d13060 JavaThread "C1 CompilerThread0" daemon [_thread_in_native, id=11852, stack(0x00000070fc300000,0x00000070fc400000)]
  0x000001b528d074f0 JavaThread "C1 CompilerThread1" daemon [_thread_in_native, id=8640, stack(0x00000070fc400000,0x00000070fc500000)]
  0x000001b528d4ac90 JavaThread "C1 CompilerThread2" daemon [_thread_in_vm, id=17912, stack(0x00000070fc500000,0x00000070fc600000)]
  0x000001b528d639b0 JavaThread "Notification Thread" daemon [_thread_blocked, id=13756, stack(0x00000070fc600000,0x00000070fc700000)]
  0x000001b528d67a10 JavaThread "Common-Cleaner" daemon [_thread_blocked, id=17348, stack(0x00000070fc800000,0x00000070fc900000)]
  0x000001b528f2a180 JavaThread "C2 CompilerThread1" daemon [_thread_in_native, id=19760, stack(0x00000070fc900000,0x00000070fca00000)]
  0x000001b5292664a0 JavaThread "C1 CompilerThread3" daemon [_thread_blocked, id=4648, stack(0x00000070fca00000,0x00000070fcb00000)]
  0x000001b5296069e0 JavaThread "C2 CompilerThread2" daemon [_thread_in_native, id=8376, stack(0x00000070fcb00000,0x00000070fcc00000)]
  0x000001b529880300 JavaThread "C2 CompilerThread3" daemon [_thread_in_native, id=21268, stack(0x00000070fcc00000,0x00000070fcd00000)]
  0x000001b52987f020 JavaThread "C2 CompilerThread4" daemon [_thread_in_native, id=2444, stack(0x00000070fcd00000,0x00000070fce00000)]
  0x000001b529902460 JavaThread "C2 CompilerThread5" daemon [_thread_in_native, id=6652, stack(0x00000070fce00000,0x00000070fcf00000)]
  0x000001b529dc1320 JavaThread "C2 CompilerThread6" daemon [_thread_in_native, id=21192, stack(0x00000070fcf00000,0x00000070fd000000)]
=>0x000001b529dc18b0 JavaThread "C2 CompilerThread7" daemon [_thread_in_native, id=20532, stack(0x00000070fd000000,0x00000070fd100000)]

Other Threads:
  0x000001b523ce4790 VMThread "VM Thread" [stack: 0x00000070fbb00000,0x00000070fbc00000] [id=6420] _threads_hazard_ptr=0x000001b5298e8f60
  0x000001b528d64310 WatcherThread "VM Periodic Task Thread" [stack: 0x00000070fc700000,0x00000070fc800000] [id=21040]
  0x000001b504967dd0 WorkerThread "GC Thread#0" [stack: 0x00000070fb600000,0x00000070fb700000] [id=17944]
  0x000001b504979900 ConcurrentGCThread "G1 Main Marker" [stack: 0x00000070fb700000,0x00000070fb800000] [id=14448]
  0x000001b50497a330 WorkerThread "G1 Conc#0" [stack: 0x00000070fb800000,0x00000070fb900000] [id=23240]
  0x000001b523ba8fe0 ConcurrentGCThread "G1 Refine#0" [stack: 0x00000070fb900000,0x00000070fba00000] [id=8636]
  0x000001b523ba9a80 ConcurrentGCThread "G1 Service" [stack: 0x00000070fba00000,0x00000070fbb00000] [id=2324]

Threads with active compile tasks:
C2 CompilerThread0      425 1144       4       java.io.InputStreamReader::read (11 bytes)
C1 CompilerThread0      425 1179   !   3       java.lang.String::<init> (893 bytes)
C1 CompilerThread1      425 1185       3       java.lang.AbstractStringBuilder::append (55 bytes)
C1 CompilerThread2      426 1181       3       java.lang.Integer::getChars (121 bytes)
C2 CompilerThread1      426 1157       4       sun.nio.cs.StreamDecoder::implRead (232 bytes)
C2 CompilerThread2      426 1145       4       org.codehaus.plexus.util.xml.XmlReader::read (11 bytes)
C2 CompilerThread3      426 1139   !   4       sun.nio.cs.StreamDecoder::read (78 bytes)
C2 CompilerThread4      426 1140       4       sun.nio.cs.StreamDecoder::lockedRead (189 bytes)
C2 CompilerThread5      426 1162       4       java.nio.Buffer::<init> (105 bytes)
C2 CompilerThread6      426 1143       4       org.codehaus.plexus.util.InterpolationFilterReader::read (477 bytes)
C2 CompilerThread7      426 1146       4       java.io.Reader::read (21 bytes)

VM state: synchronizing (normal execution)

VM Mutex/Monitor currently owned by a thread:  ([mutex/lock_event])
[0x000001b5048f42d0] Threads_lock - owner thread: 0x000001b523ce4790
[0x000001b5048f38b0] Heap_lock - owner thread: 0x000001b5048f7160

Heap address: 0x0000000703e00000, size: 4034 MB, Compressed Oops mode: Zero based, Oop shift amount: 3

CDS archive(s) mapped at: [0x0000000800000000-0x0000000800c60000-0x0000000800c60000), size 12976128, SharedBaseAddress: 0x0000000800000000, ArchiveRelocationMode: 0.
Compressed class space mapped at: 0x0000000801000000-0x0000000841000000, reserved size: 1073741824
Narrow klass base: 0x0000000800000000, Narrow klass shift: 0, Narrow klass range: 0x100000000

GC Precious Log:
 CardTable entry size: 512
 Card Set container configuration: InlinePtr #cards 4 size 8 Array Of Cards #cards 16 size 48 Howl #buckets 8 coarsen threshold 3686 Howl Bitmap #cards 512 size 80 coarsen threshold 460 Card regions per heap region 1 cards per card region 4096
 CPUs: 16 total, 16 available
 Memory: 16128M
 Large Page Support: Disabled
 NUMA Support: Disabled
 Compressed Oops: Enabled (Zero based)
 Heap Region Size: 2M
 Heap Min Capacity: 8M
 Heap Initial Capacity: 254M
 Heap Max Capacity: 4034M
 Pre-touch: Disabled
 Parallel Workers: 13
 Concurrent Workers: 3
 Concurrent Refinement Workers: 13
 Periodic GC: Disabled

Heap:
 garbage-first heap   total 260096K, used 22528K [0x0000000703e00000, 0x0000000800000000)
  region size 2048K, 11 young (22528K), 0 survivors (0K)
 Metaspace       used 5207K, committed 5312K, reserved 1114112K
  class space    used 600K, committed 640K, reserved 1048576K

Heap Regions: E=young(eden), S=young(survivor), O=old, HS=humongous(starts), HC=humongous(continues), CS=collection set, F=free, OA=open archive, CA=closed archive, TAMS=top-at-mark-start, PB=parsable bottom
|   0|0x0000000703e00000, 0x0000000703e00000, 0x0000000704000000|  0%| F|  |TAMS 0x0000000703e00000| PB 0x0000000703e00000| Untracked 
|   1|0x0000000704000000, 0x0000000704000000, 0x0000000704200000|  0%| F|  |TAMS 0x0000000704000000| PB 0x0000000704000000| Untracked 
|   2|0x0000000704200000, 0x0000000704200000, 0x0000000704400000|  0%| F|  |TAMS 0x0000000704200000| PB 0x0000000704200000| Untracked 
|   3|0x0000000704400000, 0x0000000704400000, 0x0000000704600000|  0%| F|  |TAMS 0x0000000704400000| PB 0x0000000704400000| Untracked 
|   4|0x0000000704600000, 0x0000000704600000, 0x0000000704800000|  0%| F|  |TAMS 0x0000000704600000| PB 0x0000000704600000| Untracked 
|   5|0x0000000704800000, 0x0000000704800000, 0x0000000704a00000|  0%| F|  |TAMS 0x0000000704800000| PB 0x0000000704800000| Untracked 
|   6|0x0000000704a00000, 0x0000000704a00000, 0x0000000704c00000|  0%| F|  |TAMS 0x0000000704a00000| PB 0x0000000704a00000| Untracked 
|   7|0x0000000704c00000, 0x0000000704c00000, 0x0000000704e00000|  0%| F|  |TAMS 0x0000000704c00000| PB 0x0000000704c00000| Untracked 
|   8|0x0000000704e00000, 0x0000000704e00000, 0x0000000705000000|  0%| F|  |TAMS 0x0000000704e00000| PB 0x0000000704e00000| Untracked 
|   9|0x0000000705000000, 0x0000000705000000, 0x0000000705200000|  0%| F|  |TAMS 0x0000000705000000| PB 0x0000000705000000| Untracked 
|  10|0x0000000705200000, 0x0000000705200000, 0x0000000705400000|  0%| F|  |TAMS 0x0000000705200000| PB 0x0000000705200000| Untracked 
|  11|0x0000000705400000, 0x0000000705400000, 0x0000000705600000|  0%| F|  |TAMS 0x0000000705400000| PB 0x0000000705400000| Untracked 
|  12|0x0000000705600000, 0x0000000705600000, 0x0000000705800000|  0%| F|  |TAMS 0x0000000705600000| PB 0x0000000705600000| Untracked 
|  13|0x0000000705800000, 0x0000000705800000, 0x0000000705a00000|  0%| F|  |TAMS 0x0000000705800000| PB 0x0000000705800000| Untracked 
|  14|0x0000000705a00000, 0x0000000705a00000, 0x0000000705c00000|  0%| F|  |TAMS 0x0000000705a00000| PB 0x0000000705a00000| Untracked 
|  15|0x0000000705c00000, 0x0000000705c00000, 0x0000000705e00000|  0%| F|  |TAMS 0x0000000705c00000| PB 0x0000000705c00000| Untracked 
|  16|0x0000000705e00000, 0x0000000705e00000, 0x0000000706000000|  0%| F|  |TAMS 0x0000000705e00000| PB 0x0000000705e00000| Untracked 
|  17|0x0000000706000000, 0x0000000706000000, 0x0000000706200000|  0%| F|  |TAMS 0x0000000706000000| PB 0x0000000706000000| Untracked 
|  18|0x0000000706200000, 0x0000000706200000, 0x0000000706400000|  0%| F|  |TAMS 0x0000000706200000| PB 0x0000000706200000| Untracked 
|  19|0x0000000706400000, 0x0000000706400000, 0x0000000706600000|  0%| F|  |TAMS 0x0000000706400000| PB 0x0000000706400000| Untracked 
|  20|0x0000000706600000, 0x0000000706600000, 0x0000000706800000|  0%| F|  |TAMS 0x0000000706600000| PB 0x0000000706600000| Untracked 
|  21|0x0000000706800000, 0x0000000706800000, 0x0000000706a00000|  0%| F|  |TAMS 0x0000000706800000| PB 0x0000000706800000| Untracked 
|  22|0x0000000706a00000, 0x0000000706a00000, 0x0000000706c00000|  0%| F|  |TAMS 0x0000000706a00000| PB 0x0000000706a00000| Untracked 
|  23|0x0000000706c00000, 0x0000000706c00000, 0x0000000706e00000|  0%| F|  |TAMS 0x0000000706c00000| PB 0x0000000706c00000| Untracked 
|  24|0x0000000706e00000, 0x0000000706e00000, 0x0000000707000000|  0%| F|  |TAMS 0x0000000706e00000| PB 0x0000000706e00000| Untracked 
|  25|0x0000000707000000, 0x0000000707000000, 0x0000000707200000|  0%| F|  |TAMS 0x0000000707000000| PB 0x0000000707000000| Untracked 
|  26|0x0000000707200000, 0x0000000707200000, 0x0000000707400000|  0%| F|  |TAMS 0x0000000707200000| PB 0x0000000707200000| Untracked 
|  27|0x0000000707400000, 0x0000000707400000, 0x0000000707600000|  0%| F|  |TAMS 0x0000000707400000| PB 0x0000000707400000| Untracked 
|  28|0x0000000707600000, 0x0000000707600000, 0x0000000707800000|  0%| F|  |TAMS 0x0000000707600000| PB 0x0000000707600000| Untracked 
|  29|0x0000000707800000, 0x0000000707800000, 0x0000000707a00000|  0%| F|  |TAMS 0x0000000707800000| PB 0x0000000707800000| Untracked 
|  30|0x0000000707a00000, 0x0000000707a00000, 0x0000000707c00000|  0%| F|  |TAMS 0x0000000707a00000| PB 0x0000000707a00000| Untracked 
|  31|0x0000000707c00000, 0x0000000707c00000, 0x0000000707e00000|  0%| F|  |TAMS 0x0000000707c00000| PB 0x0000000707c00000| Untracked 
|  32|0x0000000707e00000, 0x0000000707e00000, 0x0000000708000000|  0%| F|  |TAMS 0x0000000707e00000| PB 0x0000000707e00000| Untracked 
|  33|0x0000000708000000, 0x0000000708000000, 0x0000000708200000|  0%| F|  |TAMS 0x0000000708000000| PB 0x0000000708000000| Untracked 
|  34|0x0000000708200000, 0x0000000708200000, 0x0000000708400000|  0%| F|  |TAMS 0x0000000708200000| PB 0x0000000708200000| Untracked 
|  35|0x0000000708400000, 0x0000000708400000, 0x0000000708600000|  0%| F|  |TAMS 0x0000000708400000| PB 0x0000000708400000| Untracked 
|  36|0x0000000708600000, 0x0000000708600000, 0x0000000708800000|  0%| F|  |TAMS 0x0000000708600000| PB 0x0000000708600000| Untracked 
|  37|0x0000000708800000, 0x0000000708800000, 0x0000000708a00000|  0%| F|  |TAMS 0x0000000708800000| PB 0x0000000708800000| Untracked 
|  38|0x0000000708a00000, 0x0000000708a00000, 0x0000000708c00000|  0%| F|  |TAMS 0x0000000708a00000| PB 0x0000000708a00000| Untracked 
|  39|0x0000000708c00000, 0x0000000708c00000, 0x0000000708e00000|  0%| F|  |TAMS 0x0000000708c00000| PB 0x0000000708c00000| Untracked 
|  40|0x0000000708e00000, 0x0000000708e00000, 0x0000000709000000|  0%| F|  |TAMS 0x0000000708e00000| PB 0x0000000708e00000| Untracked 
|  41|0x0000000709000000, 0x0000000709000000, 0x0000000709200000|  0%| F|  |TAMS 0x0000000709000000| PB 0x0000000709000000| Untracked 
|  42|0x0000000709200000, 0x0000000709200000, 0x0000000709400000|  0%| F|  |TAMS 0x0000000709200000| PB 0x0000000709200000| Untracked 
|  43|0x0000000709400000, 0x0000000709400000, 0x0000000709600000|  0%| F|  |TAMS 0x0000000709400000| PB 0x0000000709400000| Untracked 
|  44|0x0000000709600000, 0x0000000709600000, 0x0000000709800000|  0%| F|  |TAMS 0x0000000709600000| PB 0x0000000709600000| Untracked 
|  45|0x0000000709800000, 0x0000000709800000, 0x0000000709a00000|  0%| F|  |TAMS 0x0000000709800000| PB 0x0000000709800000| Untracked 
|  46|0x0000000709a00000, 0x0000000709a00000, 0x0000000709c00000|  0%| F|  |TAMS 0x0000000709a00000| PB 0x0000000709a00000| Untracked 
|  47|0x0000000709c00000, 0x0000000709c00000, 0x0000000709e00000|  0%| F|  |TAMS 0x0000000709c00000| PB 0x0000000709c00000| Untracked 
|  48|0x0000000709e00000, 0x0000000709e00000, 0x000000070a000000|  0%| F|  |TAMS 0x0000000709e00000| PB 0x0000000709e00000| Untracked 
|  49|0x000000070a000000, 0x000000070a000000, 0x000000070a200000|  0%| F|  |TAMS 0x000000070a000000| PB 0x000000070a000000| Untracked 
|  50|0x000000070a200000, 0x000000070a200000, 0x000000070a400000|  0%| F|  |TAMS 0x000000070a200000| PB 0x000000070a200000| Untracked 
|  51|0x000000070a400000, 0x000000070a400000, 0x000000070a600000|  0%| F|  |TAMS 0x000000070a400000| PB 0x000000070a400000| Untracked 
|  52|0x000000070a600000, 0x000000070a600000, 0x000000070a800000|  0%| F|  |TAMS 0x000000070a600000| PB 0x000000070a600000| Untracked 
|  53|0x000000070a800000, 0x000000070a800000, 0x000000070aa00000|  0%| F|  |TAMS 0x000000070a800000| PB 0x000000070a800000| Untracked 
|  54|0x000000070aa00000, 0x000000070aa00000, 0x000000070ac00000|  0%| F|  |TAMS 0x000000070aa00000| PB 0x000000070aa00000| Untracked 
|  55|0x000000070ac00000, 0x000000070ac00000, 0x000000070ae00000|  0%| F|  |TAMS 0x000000070ac00000| PB 0x000000070ac00000| Untracked 
|  56|0x000000070ae00000, 0x000000070ae00000, 0x000000070b000000|  0%| F|  |TAMS 0x000000070ae00000| PB 0x000000070ae00000| Untracked 
|  57|0x000000070b000000, 0x000000070b000000, 0x000000070b200000|  0%| F|  |TAMS 0x000000070b000000| PB 0x000000070b000000| Untracked 
|  58|0x000000070b200000, 0x000000070b200000, 0x000000070b400000|  0%| F|  |TAMS 0x000000070b200000| PB 0x000000070b200000| Untracked 
|  59|0x000000070b400000, 0x000000070b400000, 0x000000070b600000|  0%| F|  |TAMS 0x000000070b400000| PB 0x000000070b400000| Untracked 
|  60|0x000000070b600000, 0x000000070b600000, 0x000000070b800000|  0%| F|  |TAMS 0x000000070b600000| PB 0x000000070b600000| Untracked 
|  61|0x000000070b800000, 0x000000070b800000, 0x000000070ba00000|  0%| F|  |TAMS 0x000000070b800000| PB 0x000000070b800000| Untracked 
|  62|0x000000070ba00000, 0x000000070ba00000, 0x000000070bc00000|  0%| F|  |TAMS 0x000000070ba00000| PB 0x000000070ba00000| Untracked 
|  63|0x000000070bc00000, 0x000000070bc00000, 0x000000070be00000|  0%| F|  |TAMS 0x000000070bc00000| PB 0x000000070bc00000| Untracked 
|  64|0x000000070be00000, 0x000000070be00000, 0x000000070c000000|  0%| F|  |TAMS 0x000000070be00000| PB 0x000000070be00000| Untracked 
|  65|0x000000070c000000, 0x000000070c000000, 0x000000070c200000|  0%| F|  |TAMS 0x000000070c000000| PB 0x000000070c000000| Untracked 
|  66|0x000000070c200000, 0x000000070c200000, 0x000000070c400000|  0%| F|  |TAMS 0x000000070c200000| PB 0x000000070c200000| Untracked 
|  67|0x000000070c400000, 0x000000070c400000, 0x000000070c600000|  0%| F|  |TAMS 0x000000070c400000| PB 0x000000070c400000| Untracked 
|  68|0x000000070c600000, 0x000000070c600000, 0x000000070c800000|  0%| F|  |TAMS 0x000000070c600000| PB 0x000000070c600000| Untracked 
|  69|0x000000070c800000, 0x000000070c800000, 0x000000070ca00000|  0%| F|  |TAMS 0x000000070c800000| PB 0x000000070c800000| Untracked 
|  70|0x000000070ca00000, 0x000000070ca00000, 0x000000070cc00000|  0%| F|  |TAMS 0x000000070ca00000| PB 0x000000070ca00000| Untracked 
|  71|0x000000070cc00000, 0x000000070cc00000, 0x000000070ce00000|  0%| F|  |TAMS 0x000000070cc00000| PB 0x000000070cc00000| Untracked 
|  72|0x000000070ce00000, 0x000000070ce00000, 0x000000070d000000|  0%| F|  |TAMS 0x000000070ce00000| PB 0x000000070ce00000| Untracked 
|  73|0x000000070d000000, 0x000000070d000000, 0x000000070d200000|  0%| F|  |TAMS 0x000000070d000000| PB 0x000000070d000000| Untracked 
|  74|0x000000070d200000, 0x000000070d200000, 0x000000070d400000|  0%| F|  |TAMS 0x000000070d200000| PB 0x000000070d200000| Untracked 
|  75|0x000000070d400000, 0x000000070d400000, 0x000000070d600000|  0%| F|  |TAMS 0x000000070d400000| PB 0x000000070d400000| Untracked 
|  76|0x000000070d600000, 0x000000070d600000, 0x000000070d800000|  0%| F|  |TAMS 0x000000070d600000| PB 0x000000070d600000| Untracked 
|  77|0x000000070d800000, 0x000000070d800000, 0x000000070da00000|  0%| F|  |TAMS 0x000000070d800000| PB 0x000000070d800000| Untracked 
|  78|0x000000070da00000, 0x000000070da00000, 0x000000070dc00000|  0%| F|  |TAMS 0x000000070da00000| PB 0x000000070da00000| Untracked 
|  79|0x000000070dc00000, 0x000000070dc00000, 0x000000070de00000|  0%| F|  |TAMS 0x000000070dc00000| PB 0x000000070dc00000| Untracked 
|  80|0x000000070de00000, 0x000000070de00000, 0x000000070e000000|  0%| F|  |TAMS 0x000000070de00000| PB 0x000000070de00000| Untracked 
|  81|0x000000070e000000, 0x000000070e000000, 0x000000070e200000|  0%| F|  |TAMS 0x000000070e000000| PB 0x000000070e000000| Untracked 
|  82|0x000000070e200000, 0x000000070e200000, 0x000000070e400000|  0%| F|  |TAMS 0x000000070e200000| PB 0x000000070e200000| Untracked 
|  83|0x000000070e400000, 0x000000070e400000, 0x000000070e600000|  0%| F|  |TAMS 0x000000070e400000| PB 0x000000070e400000| Untracked 
|  84|0x000000070e600000, 0x000000070e600000, 0x000000070e800000|  0%| F|  |TAMS 0x000000070e600000| PB 0x000000070e600000| Untracked 
|  85|0x000000070e800000, 0x000000070e800000, 0x000000070ea00000|  0%| F|  |TAMS 0x000000070e800000| PB 0x000000070e800000| Untracked 
|  86|0x000000070ea00000, 0x000000070ea00000, 0x000000070ec00000|  0%| F|  |TAMS 0x000000070ea00000| PB 0x000000070ea00000| Untracked 
|  87|0x000000070ec00000, 0x000000070ec00000, 0x000000070ee00000|  0%| F|  |TAMS 0x000000070ec00000| PB 0x000000070ec00000| Untracked 
|  88|0x000000070ee00000, 0x000000070ee00000, 0x000000070f000000|  0%| F|  |TAMS 0x000000070ee00000| PB 0x000000070ee00000| Untracked 
|  89|0x000000070f000000, 0x000000070f000000, 0x000000070f200000|  0%| F|  |TAMS 0x000000070f000000| PB 0x000000070f000000| Untracked 
|  90|0x000000070f200000, 0x000000070f200000, 0x000000070f400000|  0%| F|  |TAMS 0x000000070f200000| PB 0x000000070f200000| Untracked 
|  91|0x000000070f400000, 0x000000070f400000, 0x000000070f600000|  0%| F|  |TAMS 0x000000070f400000| PB 0x000000070f400000| Untracked 
|  92|0x000000070f600000, 0x000000070f600000, 0x000000070f800000|  0%| F|  |TAMS 0x000000070f600000| PB 0x000000070f600000| Untracked 
|  93|0x000000070f800000, 0x000000070f800000, 0x000000070fa00000|  0%| F|  |TAMS 0x000000070f800000| PB 0x000000070f800000| Untracked 
|  94|0x000000070fa00000, 0x000000070fa00000, 0x000000070fc00000|  0%| F|  |TAMS 0x000000070fa00000| PB 0x000000070fa00000| Untracked 
|  95|0x000000070fc00000, 0x000000070fc00000, 0x000000070fe00000|  0%| F|  |TAMS 0x000000070fc00000| PB 0x000000070fc00000| Untracked 
|  96|0x000000070fe00000, 0x000000070fe00000, 0x0000000710000000|  0%| F|  |TAMS 0x000000070fe00000| PB 0x000000070fe00000| Untracked 
|  97|0x0000000710000000, 0x0000000710000000, 0x0000000710200000|  0%| F|  |TAMS 0x0000000710000000| PB 0x0000000710000000| Untracked 
|  98|0x0000000710200000, 0x0000000710200000, 0x0000000710400000|  0%| F|  |TAMS 0x0000000710200000| PB 0x0000000710200000| Untracked 
|  99|0x0000000710400000, 0x0000000710400000, 0x0000000710600000|  0%| F|  |TAMS 0x0000000710400000| PB 0x0000000710400000| Untracked 
| 100|0x0000000710600000, 0x0000000710600000, 0x0000000710800000|  0%| F|  |TAMS 0x0000000710600000| PB 0x0000000710600000| Untracked 
| 101|0x0000000710800000, 0x0000000710800000, 0x0000000710a00000|  0%| F|  |TAMS 0x0000000710800000| PB 0x0000000710800000| Untracked 
| 102|0x0000000710a00000, 0x0000000710a00000, 0x0000000710c00000|  0%| F|  |TAMS 0x0000000710a00000| PB 0x0000000710a00000| Untracked 
| 103|0x0000000710c00000, 0x0000000710c00000, 0x0000000710e00000|  0%| F|  |TAMS 0x0000000710c00000| PB 0x0000000710c00000| Untracked 
| 104|0x0000000710e00000, 0x0000000710e00000, 0x0000000711000000|  0%| F|  |TAMS 0x0000000710e00000| PB 0x0000000710e00000| Untracked 
| 105|0x0000000711000000, 0x0000000711000000, 0x0000000711200000|  0%| F|  |TAMS 0x0000000711000000| PB 0x0000000711000000| Untracked 
| 106|0x0000000711200000, 0x0000000711200000, 0x0000000711400000|  0%| F|  |TAMS 0x0000000711200000| PB 0x0000000711200000| Untracked 
| 107|0x0000000711400000, 0x0000000711400000, 0x0000000711600000|  0%| F|  |TAMS 0x0000000711400000| PB 0x0000000711400000| Untracked 
| 108|0x0000000711600000, 0x0000000711600000, 0x0000000711800000|  0%| F|  |TAMS 0x0000000711600000| PB 0x0000000711600000| Untracked 
| 109|0x0000000711800000, 0x0000000711800000, 0x0000000711a00000|  0%| F|  |TAMS 0x0000000711800000| PB 0x0000000711800000| Untracked 
| 110|0x0000000711a00000, 0x0000000711a00000, 0x0000000711c00000|  0%| F|  |TAMS 0x0000000711a00000| PB 0x0000000711a00000| Untracked 
| 111|0x0000000711c00000, 0x0000000711c00000, 0x0000000711e00000|  0%| F|  |TAMS 0x0000000711c00000| PB 0x0000000711c00000| Untracked 
| 112|0x0000000711e00000, 0x0000000711e00000, 0x0000000712000000|  0%| F|  |TAMS 0x0000000711e00000| PB 0x0000000711e00000| Untracked 
| 113|0x0000000712000000, 0x0000000712000000, 0x0000000712200000|  0%| F|  |TAMS 0x0000000712000000| PB 0x0000000712000000| Untracked 
| 114|0x0000000712200000, 0x0000000712200000, 0x0000000712400000|  0%| F|  |TAMS 0x0000000712200000| PB 0x0000000712200000| Untracked 
| 115|0x0000000712400000, 0x0000000712400000, 0x0000000712600000|  0%| F|  |TAMS 0x0000000712400000| PB 0x0000000712400000| Untracked 
| 116|0x0000000712600000, 0x0000000712800000, 0x0000000712800000|100%| E|CS|TAMS 0x0000000712600000| PB 0x0000000712600000| Complete 
| 117|0x0000000712800000, 0x0000000712a00000, 0x0000000712a00000|100%| E|CS|TAMS 0x0000000712800000| PB 0x0000000712800000| Complete 
| 118|0x0000000712a00000, 0x0000000712c00000, 0x0000000712c00000|100%| E|CS|TAMS 0x0000000712a00000| PB 0x0000000712a00000| Complete 
| 119|0x0000000712c00000, 0x0000000712e00000, 0x0000000712e00000|100%| E|CS|TAMS 0x0000000712c00000| PB 0x0000000712c00000| Complete 
| 120|0x0000000712e00000, 0x0000000713000000, 0x0000000713000000|100%| E|CS|TAMS 0x0000000712e00000| PB 0x0000000712e00000| Complete 
| 121|0x0000000713000000, 0x0000000713200000, 0x0000000713200000|100%| E|CS|TAMS 0x0000000713000000| PB 0x0000000713000000| Complete 
| 122|0x0000000713200000, 0x0000000713400000, 0x0000000713400000|100%| E|CS|TAMS 0x0000000713200000| PB 0x0000000713200000| Complete 
| 123|0x0000000713400000, 0x0000000713600000, 0x0000000713600000|100%| E|CS|TAMS 0x0000000713400000| PB 0x0000000713400000| Complete 
| 124|0x0000000713600000, 0x0000000713800000, 0x0000000713800000|100%| E|CS|TAMS 0x0000000713600000| PB 0x0000000713600000| Complete 
| 125|0x0000000713800000, 0x0000000713a00000, 0x0000000713a00000|100%| E|CS|TAMS 0x0000000713800000| PB 0x0000000713800000| Complete 
| 126|0x0000000713a00000, 0x0000000713c00000, 0x0000000713c00000|100%| E|CS|TAMS 0x0000000713a00000| PB 0x0000000713a00000| Complete 

Card table byte_map: [0x000001b51ca20000,0x000001b51d210000] _byte_map_base: 0x000001b519201000

Marking Bits: (CMBitMap*) 0x000001b504968400
 Bits: [0x000001b51da00000, 0x000001b521908000)

Polling page: 0x000001b5028b0000

Metaspace:

Usage:
  Non-class:      4.50 MB used.
      Class:    600.16 KB used.
       Both:      5.09 MB used.

Virtual space:
  Non-class space:       64.00 MB reserved,       4.56 MB (  7%) committed,  1 nodes.
      Class space:        1.00 GB reserved,     640.00 KB ( <1%) committed,  1 nodes.
             Both:        1.06 GB reserved,       5.19 MB ( <1%) committed. 

Chunk freelists:
   Non-Class:  1.25 MB
       Class:  3.31 MB
        Both:  4.56 MB

MaxMetaspaceSize: unlimited
CompressedClassSpaceSize: 1.00 GB
Initial GC threshold: 21.00 MB
Current GC threshold: 21.00 MB
CDS: on
MetaspaceReclaimPolicy: balanced
 - commit_granule_bytes: 65536.
 - commit_granule_words: 8192.
 - virtual_space_node_default_size: 8388608.
 - enlarge_chunks_in_place: 1.
 - new_chunks_are_fully_committed: 0.
 - uncommit_free_chunks: 1.
 - use_allocation_guard: 0.


Internal statistics:

num_allocs_failed_limit: 0.
num_arena_births: 52.
num_arena_deaths: 0.
num_vsnodes_births: 2.
num_vsnodes_deaths: 0.
num_space_committed: 83.
num_space_uncommitted: 0.
num_chunks_returned_to_freelist: 0.
num_chunks_taken_from_freelist: 200.
num_chunk_merges: 0.
num_chunk_splits: 130.
num_chunks_enlarged: 109.
num_inconsistent_stats: 0.

CodeHeap 'non-profiled nmethods': size=119168Kb used=332Kb max_used=332Kb free=118836Kb
 bounds [0x000001b514550000, 0x000001b5147c0000, 0x000001b51b9b0000]
CodeHeap 'profiled nmethods': size=119104Kb used=2231Kb max_used=2231Kb free=116872Kb
 bounds [0x000001b50c9b0000, 0x000001b50cc20000, 0x000001b513e00000]
CodeHeap 'non-nmethods': size=7488Kb used=3193Kb max_used=3211Kb free=4295Kb
 bounds [0x000001b513e00000, 0x000001b514130000, 0x000001b514550000]
 total_blobs=1610 nmethods=1161 adapters=357
 compilation: enabled
              stopped_count=0, restarted_count=0
 full_count=0

Compilation events (20 events):
Event: 0.264 Thread 0x000001b528f2a180 1157       4       sun.nio.cs.StreamDecoder::implRead (232 bytes)
Event: 0.265 Thread 0x000001b528d4ac90 1170       3       org.codehaus.plexus.util.xml.pull.MXParser::isWhitespace (114 bytes)
Event: 0.265 Thread 0x000001b523d13060 1171       3       java.util.HashMap::isEmpty (13 bytes)
Event: 0.266 Thread 0x000001b523d13060 nmethod 1171 0x000001b50cbd8490 code [0x000001b50cbd8620, 0x000001b50cbd8790]
Event: 0.266 Thread 0x000001b5292664a0 1172       3       org.codehaus.plexus.util.xml.pull.MXParser::nextTag (82 bytes)
Event: 0.266 Thread 0x000001b528d4ac90 nmethod 1170 0x000001b50cbd8810 code [0x000001b50cbd8a20, 0x000001b50cbd92b0]
Event: 0.266 Thread 0x000001b528d074f0 1173       3       org.codehaus.plexus.util.xml.pull.MXParser::ensureElementsCapacity (265 bytes)
Event: 0.266 Thread 0x000001b529902460 1155       4       java.nio.CharBuffer::position (6 bytes)
Event: 0.266 Thread 0x000001b529dc1320 1143       4       org.codehaus.plexus.util.InterpolationFilterReader::read (477 bytes)
Event: 0.266 Thread 0x000001b529dc18b0 1146       4       java.io.Reader::read (21 bytes)
Event: 0.266 Thread 0x000001b528d074f0 nmethod 1173 0x000001b50cbd9510 code [0x000001b50cbd9760, 0x000001b50cbda870]
Event: 0.266 Thread 0x000001b5292664a0 nmethod 1172 0x000001b50cbdab90 code [0x000001b50cbdae00, 0x000001b50cbdb740]
Event: 0.267 Thread 0x000001b529902460 nmethod 1155 0x000001b5145a1f90 code [0x000001b5145a2100, 0x000001b5145a21e8]
Event: 0.267 Thread 0x000001b529902460 1159       4       java.nio.ByteBuffer::position (8 bytes)
Event: 0.268 Thread 0x000001b529902460 nmethod 1159 0x000001b5145a2310 code [0x000001b5145a2480, 0x000001b5145a2568]
Event: 0.268 Thread 0x000001b529902460 1174       4       org.codehaus.plexus.util.xml.pull.MXParser::isNameChar (56 bytes)
Event: 0.268 Thread 0x000001b529902460 nmethod 1174 0x000001b5145a2690 code [0x000001b5145a2800, 0x000001b5145a28a8]
Event: 0.268 Thread 0x000001b529902460 1161       4       java.nio.Buffer::limit (65 bytes)
Event: 0.269 Thread 0x000001b529902460 nmethod 1161 0x000001b5145a2990 code [0x000001b5145a2b00, 0x000001b5145a2c00]
Event: 0.269 Thread 0x000001b529902460 1162       4       java.nio.Buffer::<init> (105 bytes)

GC Heap History (0 events):
No events

Dll operation events (8 events):
Event: 0.003 Loaded shared library D:\languages\java\bin\java.dll
Event: 0.009 Loaded shared library D:\languages\java\bin\jsvml.dll
Event: 0.029 Loaded shared library D:\languages\java\bin\net.dll
Event: 0.030 Loaded shared library D:\languages\java\bin\nio.dll
Event: 0.031 Loaded shared library D:\languages\java\bin\zip.dll
Event: 0.078 Loaded shared library D:\languages\java\bin\jimage.dll
Event: 0.082 Loaded shared library D:\netBeans\NetBeans-18\netbeans\java\maven\lib\jansi-native\Windows\x86_64\jansi.dll
Event: 0.087 Loaded shared library D:\languages\java\bin\verify.dll

Deoptimization events (20 events):
Event: 0.239 Thread 0x000001b5048f7160 Uncommon trap: trap_request=0xffffffde fr.pc=0x000001b514599da0 relative=0x0000000000000120
Event: 0.239 Thread 0x000001b5048f7160 Uncommon trap: reason=class_check action=maybe_recompile pc=0x000001b514599da0 method=jdk.internal.misc.Unsafe.allocateUninitializedArray(Ljava/lang/Class;I)Ljava/lang/Object; @ 51 c2
Event: 0.239 Thread 0x000001b5048f7160 DEOPT PACKING pc=0x000001b514599da0 sp=0x00000070fb5f76d0
Event: 0.239 Thread 0x000001b5048f7160 DEOPT UNPACKING pc=0x000001b513e1d2a2 sp=0x00000070fb5f7648 mode 2
Event: 0.239 Thread 0x000001b5048f7160 Uncommon trap: trap_request=0xffffffde fr.pc=0x000001b514599da0 relative=0x0000000000000120
Event: 0.239 Thread 0x000001b5048f7160 Uncommon trap: reason=class_check action=maybe_recompile pc=0x000001b514599da0 method=jdk.internal.misc.Unsafe.allocateUninitializedArray(Ljava/lang/Class;I)Ljava/lang/Object; @ 51 c2
Event: 0.239 Thread 0x000001b5048f7160 DEOPT PACKING pc=0x000001b514599da0 sp=0x00000070fb5f7620
Event: 0.239 Thread 0x000001b5048f7160 DEOPT UNPACKING pc=0x000001b513e1d2a2 sp=0x00000070fb5f7598 mode 2
Event: 0.239 Thread 0x000001b5048f7160 Uncommon trap: trap_request=0xffffffde fr.pc=0x000001b514599da0 relative=0x0000000000000120
Event: 0.239 Thread 0x000001b5048f7160 Uncommon trap: reason=class_check action=maybe_recompile pc=0x000001b514599da0 method=jdk.internal.misc.Unsafe.allocateUninitializedArray(Ljava/lang/Class;I)Ljava/lang/Object; @ 51 c2
Event: 0.239 Thread 0x000001b5048f7160 DEOPT PACKING pc=0x000001b514599da0 sp=0x00000070fb5f76c0
Event: 0.239 Thread 0x000001b5048f7160 DEOPT UNPACKING pc=0x000001b513e1d2a2 sp=0x00000070fb5f7638 mode 2
Event: 0.254 Thread 0x000001b5048f7160 Uncommon trap: trap_request=0xffffff76 fr.pc=0x000001b51457c570 relative=0x00000000000002b0
Event: 0.254 Thread 0x000001b5048f7160 Uncommon trap: reason=predicate action=maybe_recompile pc=0x000001b51457c570 method=java.util.regex.Pattern$BmpCharPropertyGreedy.match(Ljava/util/regex/Matcher;ILjava/lang/CharSequence;)Z @ 12 c2
Event: 0.254 Thread 0x000001b5048f7160 DEOPT PACKING pc=0x000001b51457c570 sp=0x00000070fb5fdf70
Event: 0.254 Thread 0x000001b5048f7160 DEOPT UNPACKING pc=0x000001b513e1d2a2 sp=0x00000070fb5fdf28 mode 2
Event: 0.254 Thread 0x000001b5048f7160 Uncommon trap: trap_request=0xffffff45 fr.pc=0x000001b514573d3c relative=0x00000000000000bc
Event: 0.254 Thread 0x000001b5048f7160 Uncommon trap: reason=unstable_if action=reinterpret pc=0x000001b514573d3c method=org.codehaus.plexus.util.xml.pull.MXParser.more()C @ 8 c2
Event: 0.254 Thread 0x000001b5048f7160 DEOPT PACKING pc=0x000001b514573d3c sp=0x00000070fb5fe3c0
Event: 0.254 Thread 0x000001b5048f7160 DEOPT UNPACKING pc=0x000001b513e1d2a2 sp=0x00000070fb5fe350 mode 2

Classes loaded (20 events):
Event: 0.240 Loading class java/util/concurrent/TimeoutException
Event: 0.240 Loading class java/util/concurrent/TimeoutException done
Event: 0.240 Loading class java/util/concurrent/CancellationException
Event: 0.240 Loading class java/util/concurrent/CancellationException done
Event: 0.240 Loading class java/security/PrivilegedActionException
Event: 0.240 Loading class java/security/PrivilegedActionException done
Event: 0.240 Loading class sun/misc/Unsafe
Event: 0.240 Loading class sun/misc/Unsafe done
Event: 0.241 Loading class java/lang/invoke/DirectMethodHandle$StaticAccessor
Event: 0.241 Loading class java/lang/invoke/DirectMethodHandle$StaticAccessor done
Event: 0.243 Loading class java/lang/reflect/ParameterizedType
Event: 0.243 Loading class java/lang/reflect/ParameterizedType done
Event: 0.244 Loading class java/lang/reflect/WildcardType
Event: 0.244 Loading class java/lang/reflect/WildcardType done
Event: 0.245 Loading class sun/reflect/generics/tree/TypeVariableSignature
Event: 0.245 Loading class sun/reflect/generics/tree/TypeVariableSignature done
Event: 0.251 Loading class java/lang/annotation/IncompleteAnnotationException
Event: 0.251 Loading class java/lang/annotation/IncompleteAnnotationException done
Event: 0.264 Loading class java/lang/foreign/MemorySegment
Event: 0.264 Loading class java/lang/foreign/MemorySegment done

Classes unloaded (0 events):
No events

Classes redefined (0 events):
No events

Internal exceptions (20 events):
Event: 0.072 Thread 0x000001b5048f7160 Exception <a 'java/lang/NoSuchMethodError'{0x0000000713767760}: 'java.lang.Object java.lang.invoke.Invokers$Holder.invokeExact_MT(java.lang.Object, java.lang.Object, java.lang.Object, java.lang.Object, java.lang.Object)'> (0x0000000713767760) 
thrown [s\open\src\hotspot\share\interpreter\linkResolver.cpp, line 773]
Event: 0.077 Thread 0x000001b5048f7160 Exception <a 'java/lang/NullPointerException'{0x00000007137be728}> (0x00000007137be728) 
thrown [s\open\src\hotspot\share\interpreter\linkResolver.cpp, line 1373]
Event: 0.083 Thread 0x000001b5048f7160 Exception <a 'java/lang/NullPointerException'{0x00000007137eb638}> (0x00000007137eb638) 
thrown [s\open\src\hotspot\share\interpreter\linkResolver.cpp, line 1373]
Event: 0.083 Thread 0x000001b5048f7160 Exception <a 'java/lang/NullPointerException'{0x00000007137eb918}> (0x00000007137eb918) 
thrown [s\open\src\hotspot\share\interpreter\linkResolver.cpp, line 1373]
Event: 0.083 Thread 0x000001b5048f7160 Exception <a 'java/lang/NullPointerException'{0x00000007137ebbf8}> (0x00000007137ebbf8) 
thrown [s\open\src\hotspot\share\interpreter\linkResolver.cpp, line 1373]
Event: 0.083 Thread 0x000001b5048f7160 Exception <a 'java/lang/NullPointerException'{0x00000007137f0918}> (0x00000007137f0918) 
thrown [s\open\src\hotspot\share\interpreter\linkResolver.cpp, line 1373]
Event: 0.084 Thread 0x000001b5048f7160 Exception <a 'java/lang/NullPointerException'{0x00000007137ff280}> (0x00000007137ff280) 
thrown [s\open\src\hotspot\share\interpreter\linkResolver.cpp, line 1373]
Event: 0.084 Thread 0x000001b5048f7160 Exception <a 'java/lang/NullPointerException'{0x00000007137ff560}> (0x00000007137ff560) 
thrown [s\open\src\hotspot\share\interpreter\linkResolver.cpp, line 1373]
Event: 0.084 Thread 0x000001b5048f7160 Exception <a 'java/lang/NullPointerException'{0x00000007137ff840}> (0x00000007137ff840) 
thrown [s\open\src\hotspot\share\interpreter\linkResolver.cpp, line 1373]
Event: 0.084 Thread 0x000001b5048f7160 Exception <a 'java/lang/NullPointerException'{0x00000007137ffb20}> (0x00000007137ffb20) 
thrown [s\open\src\hotspot\share\interpreter\linkResolver.cpp, line 1373]
Event: 0.119 Thread 0x000001b5048f7160 Exception <a 'java/lang/NoSuchMethodError'{0x0000000713212e50}: 'java.lang.Object java.lang.invoke.DirectMethodHandle$Holder.invokeSpecialIFC(java.lang.Object, java.lang.Object, java.lang.Object, java.lang.Object)'> (0x0000000713212e50) 
thrown [s\open\src\hotspot\share\interpreter\linkResolver.cpp, line 773]
Event: 0.194 Thread 0x000001b5048f7160 Exception <a 'java/lang/NoSuchMethodError'{0x0000000712fa6268}: 'void java.lang.invoke.DirectMethodHandle$Holder.invokeSpecial(java.lang.Object, java.lang.Object, java.lang.Object)'> (0x0000000712fa6268) 
thrown [s\open\src\hotspot\share\interpreter\linkResolver.cpp, line 773]
Event: 0.207 Thread 0x000001b5048f7160 Exception <a 'java/lang/NoSuchMethodError'{0x0000000712cc7478}: 'java.lang.Object java.lang.invoke.DirectMethodHandle$Holder.invokeInterface(java.lang.Object, java.lang.Object)'> (0x0000000712cc7478) 
thrown [s\open\src\hotspot\share\interpreter\linkResolver.cpp, line 773]
Event: 0.207 Thread 0x000001b5048f7160 Exception <a 'java/lang/NoSuchMethodError'{0x0000000712cd0548}: 'int java.lang.invoke.DirectMethodHandle$Holder.invokeSpecial(java.lang.Object, java.lang.Object, java.lang.Object)'> (0x0000000712cd0548) 
thrown [s\open\src\hotspot\share\interpreter\linkResolver.cpp, line 773]
Event: 0.213 Thread 0x000001b5048f7160 Exception <a 'java/lang/NoSuchMethodError'{0x0000000712d54070}: 'int java.lang.invoke.DirectMethodHandle$Holder.invokeStatic(java.lang.Object, java.lang.Object, java.lang.Object, java.lang.Object)'> (0x0000000712d54070) 
thrown [s\open\src\hotspot\share\interpreter\linkResolver.cpp, line 773]
Event: 0.214 Thread 0x000001b5048f7160 Exception <a 'java/lang/NoSuchMethodError'{0x0000000712d576f0}: 'java.lang.Object java.lang.invoke.Invokers$Holder.invokeExact_MT(java.lang.Object, java.lang.Object, java.lang.Object, java.lang.Object, java.lang.Object, java.lang.Object)'> (0x0000000712d576f0) 
thrown [s\open\src\hotspot\share\interpreter\linkResolver.cpp, line 773]
Event: 0.215 Thread 0x000001b5048f7160 Exception <a 'java/lang/NoSuchMethodError'{0x0000000712d6b298}: 'int java.lang.invoke.DirectMethodHandle$Holder.invokeSpecialIFC(java.lang.Object, java.lang.Object, java.lang.Object, java.lang.Object, java.lang.Object)'> (0x0000000712d6b298) 
thrown [s\open\src\hotspot\share\interpreter\linkResolver.cpp, line 773]
Event: 0.234 Thread 0x000001b5048f7160 Exception <a 'java/lang/NoSuchMethodError'{0x0000000712ae3160}: 'java.lang.Object java.lang.invoke.DirectMethodHandle$Holder.newInvokeSpecial(java.lang.Object, java.lang.Object, java.lang.Object, java.lang.Object, java.lang.Object)'> (0x0000000712ae3160) 
thrown [s\open\src\hotspot\share\interpreter\linkResolver.cpp, line 773]
Event: 0.248 Thread 0x000001b5048f7160 Exception <a 'java/lang/NoSuchMethodError'{0x0000000712bda030}: 'int java.lang.invoke.DirectMethodHandle$Holder.invokeStaticInit(java.lang.Object, java.lang.Object)'> (0x0000000712bda030) 
thrown [s\open\src\hotspot\share\interpreter\linkResolver.cpp, line 773]
Event: 0.251 Thread 0x000001b5048f7160 Exception <a 'java/lang/NoClassDefFoundError'{0x0000000712810b68}: javax/enterprise/inject/Typed> (0x0000000712810b68) 
thrown [s\open\src\hotspot\share\classfile\systemDictionary.cpp, line 294]

VM Operations (10 events):
Event: 0.032 Executing VM operation: HandshakeAllThreads
Event: 0.032 Executing VM operation: HandshakeAllThreads done
Event: 0.076 Executing VM operation: HandshakeAllThreads
Event: 0.076 Executing VM operation: HandshakeAllThreads done
Event: 0.080 Executing VM operation: HandshakeAllThreads
Event: 0.080 Executing VM operation: HandshakeAllThreads done
Event: 0.125 Executing VM operation: HandshakeAllThreads
Event: 0.125 Executing VM operation: HandshakeAllThreads done
Event: 0.254 Executing VM operation: ICBufferFull
Event: 0.254 Executing VM operation: ICBufferFull done

Events (20 events):
Event: 0.017 Thread 0x000001b523d03e90 Thread added: 0x000001b523d03e90
Event: 0.017 Thread 0x000001b523d04d80 Thread added: 0x000001b523d04d80
Event: 0.017 Thread 0x000001b523d07fd0 Thread added: 0x000001b523d07fd0
Event: 0.017 Thread 0x000001b523d0bd80 Thread added: 0x000001b523d0bd80
Event: 0.017 Thread 0x000001b523d0c7b0 Thread added: 0x000001b523d0c7b0
Event: 0.017 Thread 0x000001b523d0e390 Thread added: 0x000001b523d0e390
Event: 0.018 Thread 0x000001b523d0f0f0 Thread added: 0x000001b523d0f0f0
Event: 0.018 Thread 0x000001b523d13060 Thread added: 0x000001b523d13060
Event: 0.024 Thread 0x000001b528d074f0 Thread added: 0x000001b528d074f0
Event: 0.025 Thread 0x000001b528d4ac90 Thread added: 0x000001b528d4ac90
Event: 0.026 Thread 0x000001b528d639b0 Thread added: 0x000001b528d639b0
Event: 0.027 Thread 0x000001b528d67a10 Thread added: 0x000001b528d67a10
Event: 0.060 Thread 0x000001b528f2a180 Thread added: 0x000001b528f2a180
Event: 0.138 Thread 0x000001b5292664a0 Thread added: 0x000001b5292664a0
Event: 0.260 Thread 0x000001b5296069e0 Thread added: 0x000001b5296069e0
Event: 0.260 Thread 0x000001b529880300 Thread added: 0x000001b529880300
Event: 0.261 Thread 0x000001b52987f020 Thread added: 0x000001b52987f020
Event: 0.266 Thread 0x000001b529902460 Thread added: 0x000001b529902460
Event: 0.266 Thread 0x000001b529dc1320 Thread added: 0x000001b529dc1320
Event: 0.266 Thread 0x000001b529dc18b0 Thread added: 0x000001b529dc18b0


Dynamic libraries:
0x00007ff65f0f0000 - 0x00007ff65f100000 	D:\languages\java\bin\java.exe
0x00007ffd296b0000 - 0x00007ffd298a8000 	C:\Windows\SYSTEM32\ntdll.dll
0x00007ffcdc990000 - 0x00007ffcdc9a9000 	C:\Program Files\Avast Software\Avast\aswhook.dll
0x00007ffd28550000 - 0x00007ffd2860f000 	C:\Windows\System32\KERNEL32.DLL
0x00007ffd271a0000 - 0x00007ffd27472000 	C:\Windows\System32\KERNELBASE.dll
0x00007ffd27530000 - 0x00007ffd27630000 	C:\Windows\System32\ucrtbase.dll
0x00007ffd1eec0000 - 0x00007ffd1eed9000 	D:\languages\java\bin\jli.dll
0x00007ffd27eb0000 - 0x00007ffd27f5e000 	C:\Windows\System32\ADVAPI32.dll
0x00007ffd218f0000 - 0x00007ffd2190b000 	D:\languages\java\bin\VCRUNTIME140.dll
0x00007ffd28a00000 - 0x00007ffd28a9e000 	C:\Windows\System32\msvcrt.dll
0x00007ffd28bb0000 - 0x00007ffd28c4c000 	C:\Windows\System32\sechost.dll
0x00007ffd29540000 - 0x00007ffd29664000 	C:\Windows\System32\RPCRT4.dll
0x00007ffd28850000 - 0x00007ffd289f1000 	C:\Windows\System32\USER32.dll
0x00007ffd27630000 - 0x00007ffd27652000 	C:\Windows\System32\win32u.dll
0x00007ffd27f60000 - 0x00007ffd27f8b000 	C:\Windows\System32\GDI32.dll
0x00007ffd0ff40000 - 0x00007ffd101da000 	C:\Windows\WinSxS\amd64_microsoft.windows.common-controls_6595b64144ccf1df_6.0.19041.1110_none_60b5254171f9507e\COMCTL32.dll
0x00007ffd26de0000 - 0x00007ffd26eef000 	C:\Windows\System32\gdi32full.dll
0x00007ffd27660000 - 0x00007ffd276fd000 	C:\Windows\System32\msvcp_win.dll
0x00007ffd1f010000 - 0x00007ffd1f01a000 	C:\Windows\SYSTEM32\VERSION.dll
0x00007ffd28b10000 - 0x00007ffd28b40000 	C:\Windows\System32\IMM32.DLL
0x00007ffd22c80000 - 0x00007ffd22c8c000 	D:\languages\java\bin\vcruntime140_1.dll
0x00007ffd1bac0000 - 0x00007ffd1bb4e000 	D:\languages\java\bin\msvcp140.dll
0x00007ffce6660000 - 0x00007ffce72f7000 	D:\languages\java\bin\server\jvm.dll
0x00007ffd0ac50000 - 0x00007ffd0ac59000 	C:\Windows\SYSTEM32\WSOCK32.dll
0x00007ffd28b40000 - 0x00007ffd28bab000 	C:\Windows\System32\WS2_32.dll
0x00007ffd0ef90000 - 0x00007ffd0efb7000 	C:\Windows\SYSTEM32\WINMM.dll
0x00007ffd24c50000 - 0x00007ffd24c62000 	C:\Windows\SYSTEM32\kernel.appcore.dll
0x00007ffce4b70000 - 0x00007ffce4b7a000 	D:\languages\java\bin\jimage.dll
0x00007ffd194d0000 - 0x00007ffd196b4000 	C:\Windows\SYSTEM32\DBGHELP.DLL
0x00007ffd1b610000 - 0x00007ffd1b645000 	C:\Windows\SYSTEM32\dbgcore.DLL
0x00007ffd27050000 - 0x00007ffd270d2000 	C:\Windows\System32\bcryptPrimitives.dll
0x00007ffce1ef0000 - 0x00007ffce1f16000 	D:\languages\java\bin\java.dll
0x00007ffcdfe00000 - 0x00007ffcdfed7000 	D:\languages\java\bin\jsvml.dll
0x00007ffd28df0000 - 0x00007ffd29535000 	C:\Windows\System32\SHELL32.dll
0x00007ffd24e70000 - 0x00007ffd25602000 	C:\Windows\SYSTEM32\windows.storage.dll
0x00007ffd280a0000 - 0x00007ffd283f5000 	C:\Windows\System32\combase.dll
0x00007ffd26810000 - 0x00007ffd26840000 	C:\Windows\SYSTEM32\Wldp.dll
0x00007ffd27ff0000 - 0x00007ffd2809d000 	C:\Windows\System32\SHCORE.dll
0x00007ffd28c50000 - 0x00007ffd28ca5000 	C:\Windows\System32\shlwapi.dll
0x00007ffd26cf0000 - 0x00007ffd26d0f000 	C:\Windows\SYSTEM32\profapi.dll
0x00007ffcdfdb0000 - 0x00007ffcdfdc3000 	D:\languages\java\bin\net.dll
0x00007ffd21920000 - 0x00007ffd21a2a000 	C:\Windows\SYSTEM32\WINHTTP.dll
0x00007ffd26570000 - 0x00007ffd265da000 	C:\Windows\system32\mswsock.dll
0x00007ffcdfd90000 - 0x00007ffcdfda6000 	D:\languages\java\bin\nio.dll
0x00007ffcdfd70000 - 0x00007ffcdfd88000 	D:\languages\java\bin\zip.dll
0x0000000069ac0000 - 0x0000000069ae4000 	D:\netBeans\NetBeans-18\netbeans\java\maven\lib\jansi-native\Windows\x86_64\jansi.dll
0x00007ffd22c40000 - 0x00007ffd22c50000 	D:\languages\java\bin\verify.dll

dbghelp: loaded successfully - version: 4.0.5 - missing functions: none
symbol engine: initialized successfully - sym options: 0x614 - pdb path: .;D:\languages\java\bin;C:\Windows\SYSTEM32;C:\Program Files\Avast Software\Avast;C:\Windows\WinSxS\amd64_microsoft.windows.common-controls_6595b64144ccf1df_6.0.19041.1110_none_60b5254171f9507e;D:\languages\java\bin\server;D:\netBeans\NetBeans-18\netbeans\java\maven\lib\jansi-native\Windows\x86_64

VM Arguments:
jvm_args: -Dclassworlds.conf=D:\netBeans\NetBeans-18\netbeans\java\maven\bin\m2.conf -Dmaven.home=D:\netBeans\NetBeans-18\netbeans\java\maven -Dlibrary.jansi.path=D:\netBeans\NetBeans-18\netbeans\java\maven\lib\jansi-native -Dmaven.multiModuleProjectDirectory=C:\Users\Ramazan Fýrat\Documents\NetBeansProjects\hazelCast2 
java_command: org.codehaus.plexus.classworlds.launcher.Launcher -Dexec.vmArgs= -Dexec.args=${exec.vmArgs} -classpath %classpath ${exec.mainClass} ${exec.appArgs} -Dexec.appArgs= -Dexec.mainClass=com.ramazanakdag.hazelcast2.HazelCast2 -Dexec.executable=D:\languages\java\bin\java.exe -Dmaven.ext.class.path=D:\netBeans\NetBeans-18\netbeans\java\maven-nblib\netbeans-eventspy.jar process-classes org.codehaus.mojo:exec-maven-plugin:3.1.0:exec
java_class_path (initial): D:\netBeans\NetBeans-18\netbeans\java\maven\boot\plexus-classworlds-2.6.0.jar
Launcher Type: SUN_STANDARD

[Global flags]
     intx CICompilerCount                          = 12                                        {product} {ergonomic}
     uint ConcGCThreads                            = 3                                         {product} {ergonomic}
     uint G1ConcRefinementThreads                  = 13                                        {product} {ergonomic}
   size_t G1HeapRegionSize                         = 2097152                                   {product} {ergonomic}
    uintx GCDrainStackTargetSize                   = 64                                        {product} {ergonomic}
   size_t InitialHeapSize                          = 266338304                                 {product} {ergonomic}
   size_t MarkStackSize                            = 4194304                                   {product} {ergonomic}
   size_t MaxHeapSize                              = 4229955584                                {product} {ergonomic}
   size_t MaxNewSize                               = 2537553920                                {product} {ergonomic}
   size_t MinHeapDeltaBytes                        = 2097152                                   {product} {ergonomic}
   size_t MinHeapSize                              = 8388608                                   {product} {ergonomic}
    uintx NonNMethodCodeHeapSize                   = 7602480                                {pd product} {ergonomic}
    uintx NonProfiledCodeHeapSize                  = 122027880                              {pd product} {ergonomic}
    uintx ProfiledCodeHeapSize                     = 122027880                              {pd product} {ergonomic}
    uintx ReservedCodeCacheSize                    = 251658240                              {pd product} {ergonomic}
     bool SegmentedCodeCache                       = true                                      {product} {ergonomic}
   size_t SoftMaxHeapSize                          = 4229955584                             {manageable} {ergonomic}
     bool UseCompressedClassPointers               = true                           {product lp64_product} {ergonomic}
     bool UseCompressedOops                        = true                           {product lp64_product} {ergonomic}
     bool UseG1GC                                  = true                                      {product} {ergonomic}
     bool UseLargePagesIndividualAllocation        = false                                  {pd product} {ergonomic}

Logging:
Log output configuration:
 #0: stdout all=warning uptime,level,tags foldmultilines=false
 #1: stderr all=off uptime,level,tags foldmultilines=false

Environment Variables:
JAVA_HOME=D:\languages\java
PATH=D:\oracle\ora19c\bin;D:\DATABASES\oraDB\bin;D:\DATABASES\ora19c\bin;D:\oracle\ora21c\dbhomeXE\bin;C:\Python311\Scripts\;C:\Python311\;C:\Program Files\Common Files\Oracle\Java\javapath;C:\Program Files (x86)\Common Files\Oracle\Java\javapath;C:\Windows\system32;C:\Windows;C:\Windows\System32\Wbem;C:\Windows\System32\WindowsPowerShell\v1.0\;C:\Windows\System32\OpenSSH\;C:\min\bin;C:\msys64\mingw64\bin;C:\Users\Ramazan Fýrat\AppData\Local\Programs\Microsoft VS Code\bin;C:\Program Files\Git\cmd;D:\languages\java\bin;C:\Program Files\NVIDIA Corporation\NVIDIA NvDLISR;C:\Program Files (x86)\NVIDIA Corporation\PhysX\Common;C:\Program Files\Microsoft SQL Server\Client SDK\ODBC\170\Tools\Binn\;C:\Program Files (x86)\Microsoft SQL Server\150\Tools\Binn\;C:\Program Files\Microsoft SQL Server\150\Tools\Binn\;C:\Program Files\Microsoft SQL Server\150\DTS\Binn\;C:\Program Files\Azure Data Studio\bin;C:\msys64\usr\bin;D:\Program Files (x86)\PICC;D:\Program Files\MongoDB\mongosh\bin;C:\ProgramData\chocolatey\bin;D:\programmerRamoFinallyStarted\web\webDevelopKursHerSey\node\;C:\Program Files\MySQL\MySQL Shell 8.0\bin\;C:\Users\Ramazan Fýrat\AppData\Local\Programs\Python\Python39\Scripts\;C:\Users\Ramazan Fýrat\AppData\Local\Programs\Python\Python39\;C:\Users\Ramazan Fýrat\AppData\Local\Microsoft\WindowsApps;C:\mingw-w64-v9.0.0;C:\min\bin;C:\msys64\mingw64\bin;D:\visual studio code\Microsoft VS Code\bin;D:\languages\java\bin;C:\Program Files\Azure Data Studio\bin;C:\Users\Ramazan Fýrat\AppData\Local\GitHubDesktop\bin;C:\Users\Ramazan Fýrat\AppData\Roaming\npm
USERNAME=RamazanFirat
OS=Windows_NT
PROCESSOR_IDENTIFIER=Intel64 Family 6 Model 141 Stepping 1, GenuineIntel
TMP=C:\Users\RAMAZA~1\AppData\Local\Temp
TEMP=C:\Users\RAMAZA~1\AppData\Local\Temp




---------------  S Y S T E M  ---------------

OS:
 Windows 10 , 64 bit Build 19041 (10.0.19041.2546)
OS uptime: 1 days 6:35 hours

CPU: total 16 (initial active 16) (8 cores per cpu, 2 threads per core) family 6 model 141 stepping 1 microcode 0x34, cx8, cmov, fxsr, ht, mmx, 3dnowpref, sse, sse2, sse3, ssse3, sse4.1, sse4.2, popcnt, lzcnt, tsc, tscinvbit, avx, avx2, aes, erms, clmul, bmi1, bmi2, adx, avx512f, avx512dq, avx512cd, avx512bw, avx512vl, sha, fma, vzeroupper, avx512_vpopcntdq, avx512_vpclmulqdq, avx512_vaes, avx512_vnni, clflush, clflushopt, clwb, avx512_vbmi2, avx512_vbmi, rdtscp, rdpid, fsrm, gfni, avx512_bitalg, f16c, pku, cet_ibt, cet_ss, avx512_ifma

Memory: 4k page, system-wide physical 16128M (5295M free)
TotalPageFile size 22234M (AvailPageFile size 0M)
current process WorkingSet (physical memory assigned to process): 85M, peak: 85M
current process commit charge ("private bytes"): 378M, peak: 378M

vm_info: Java HotSpot(TM) 64-Bit Server VM (20.0.1+9-29) for windows-amd64 JRE (20.0.1+9-29), built on 2023-03-07T13:56:11Z by "mach5one" with MS VC++ 17.1 (VS2022)

END.
